running egg_info
creating build/pipeline/pipeline.egg-info
writing build/pipeline/pipeline.egg-info/PKG-INFO
writing dependency_links to build/pipeline/pipeline.egg-info/dependency_links.txt
writing entry points to build/pipeline/pipeline.egg-info/entry_points.txt
writing requirements to build/pipeline/pipeline.egg-info/requires.txt
writing top-level names to build/pipeline/pipeline.egg-info/top_level.txt
writing manifest file 'build/pipeline/pipeline.egg-info/SOURCES.txt'
reading manifest file 'build/pipeline/pipeline.egg-info/SOURCES.txt'
writing manifest file 'build/pipeline/pipeline.egg-info/SOURCES.txt'
running build
running build_py
creating /home/horowitzlab/ros2_ws/src/pipeline/build/pipeline/build
creating /home/horowitzlab/ros2_ws/src/pipeline/build/pipeline/build/lib
creating /home/horowitzlab/ros2_ws/src/pipeline/build/pipeline/build/lib/pipeline
copying pipeline/__init__.py -> /home/horowitzlab/ros2_ws/src/pipeline/build/pipeline/build/lib/pipeline
creating /home/horowitzlab/ros2_ws/src/pipeline/build/pipeline/build/lib/pipeline/diff_edf
copying pipeline/diff_edf/diff_edf_service.py -> /home/horowitzlab/ros2_ws/src/pipeline/build/pipeline/build/lib/pipeline/diff_edf
copying pipeline/diff_edf/__init__.py -> /home/horowitzlab/ros2_ws/src/pipeline/build/pipeline/build/lib/pipeline/diff_edf
creating /home/horowitzlab/ros2_ws/src/pipeline/build/pipeline/build/lib/pipeline/diffusion_edf
copying pipeline/diffusion_edf/diff_edf_service.py -> /home/horowitzlab/ros2_ws/src/pipeline/build/pipeline/build/lib/pipeline/diffusion_edf
copying pipeline/diffusion_edf/setup.py -> /home/horowitzlab/ros2_ws/src/pipeline/build/pipeline/build/lib/pipeline/diffusion_edf
copying pipeline/diffusion_edf/__init__.py -> /home/horowitzlab/ros2_ws/src/pipeline/build/pipeline/build/lib/pipeline/diffusion_edf
creating /home/horowitzlab/ros2_ws/src/pipeline/build/pipeline/build/lib/pipeline/diff_edf/diffusion_edf
copying pipeline/diff_edf/diffusion_edf/w3j.py -> /home/horowitzlab/ros2_ws/src/pipeline/build/pipeline/build/lib/pipeline/diff_edf/diffusion_edf
copying pipeline/diff_edf/diffusion_edf/train_utils.py -> /home/horowitzlab/ros2_ws/src/pipeline/build/pipeline/build/lib/pipeline/diff_edf/diffusion_edf
copying pipeline/diff_edf/diffusion_edf/embedding.py -> /home/horowitzlab/ros2_ws/src/pipeline/build/pipeline/build/lib/pipeline/diff_edf/diffusion_edf
copying pipeline/diff_edf/diffusion_edf/gnn_block.py -> /home/horowitzlab/ros2_ws/src/pipeline/build/pipeline/build/lib/pipeline/diff_edf/diffusion_edf
copying pipeline/diff_edf/diffusion_edf/skip.py -> /home/horowitzlab/ros2_ws/src/pipeline/build/pipeline/build/lib/pipeline/diff_edf/diffusion_edf
copying pipeline/diff_edf/diffusion_edf/score_head.py -> /home/horowitzlab/ros2_ws/src/pipeline/build/pipeline/build/lib/pipeline/diff_edf/diffusion_edf
copying pipeline/diff_edf/diffusion_edf/keypoint_extractor.py -> /home/horowitzlab/ros2_ws/src/pipeline/build/pipeline/build/lib/pipeline/diff_edf/diffusion_edf
copying pipeline/diff_edf/diffusion_edf/multiscale_score_model.py -> /home/horowitzlab/ros2_ws/src/pipeline/build/pipeline/build/lib/pipeline/diff_edf/diffusion_edf
copying pipeline/diff_edf/diffusion_edf/radial_func.py -> /home/horowitzlab/ros2_ws/src/pipeline/build/pipeline/build/lib/pipeline/diff_edf/diffusion_edf
copying pipeline/diff_edf/diffusion_edf/unet_feature_extractor.py -> /home/horowitzlab/ros2_ws/src/pipeline/build/pipeline/build/lib/pipeline/diff_edf/diffusion_edf
copying pipeline/diff_edf/diffusion_edf/graph_attention.py -> /home/horowitzlab/ros2_ws/src/pipeline/build/pipeline/build/lib/pipeline/diff_edf/diffusion_edf
copying pipeline/diff_edf/diffusion_edf/train.py -> /home/horowitzlab/ros2_ws/src/pipeline/build/pipeline/build/lib/pipeline/diff_edf/diffusion_edf
copying pipeline/diff_edf/diffusion_edf/dist.py -> /home/horowitzlab/ros2_ws/src/pipeline/build/pipeline/build/lib/pipeline/diff_edf/diffusion_edf
copying pipeline/diff_edf/diffusion_edf/graph_parser.py -> /home/horowitzlab/ros2_ws/src/pipeline/build/pipeline/build/lib/pipeline/diff_edf/diffusion_edf
copying pipeline/diff_edf/diffusion_edf/agent_server.py -> /home/horowitzlab/ros2_ws/src/pipeline/build/pipeline/build/lib/pipeline/diff_edf/diffusion_edf
copying pipeline/diff_edf/diffusion_edf/block.py -> /home/horowitzlab/ros2_ws/src/pipeline/build/pipeline/build/lib/pipeline/diff_edf/diffusion_edf
copying pipeline/diff_edf/diffusion_edf/connectivity.py -> /home/horowitzlab/ros2_ws/src/pipeline/build/pipeline/build/lib/pipeline/diff_edf/diffusion_edf
copying pipeline/diff_edf/diffusion_edf/point_attentive_score_model.py -> /home/horowitzlab/ros2_ws/src/pipeline/build/pipeline/build/lib/pipeline/diff_edf/diffusion_edf
copying pipeline/diff_edf/diffusion_edf/unet.py -> /home/horowitzlab/ros2_ws/src/pipeline/build/pipeline/build/lib/pipeline/diff_edf/diffusion_edf
copying pipeline/diff_edf/diffusion_edf/forward_only_feature_extractor.py -> /home/horowitzlab/ros2_ws/src/pipeline/build/pipeline/build/lib/pipeline/diff_edf/diffusion_edf
copying pipeline/diff_edf/diffusion_edf/wigner.py -> /home/horowitzlab/ros2_ws/src/pipeline/build/pipeline/build/lib/pipeline/diff_edf/diffusion_edf
copying pipeline/diff_edf/diffusion_edf/score_head_ebm.py -> /home/horowitzlab/ros2_ws/src/pipeline/build/pipeline/build/lib/pipeline/diff_edf/diffusion_edf
copying pipeline/diff_edf/diffusion_edf/score_model_base.py -> /home/horowitzlab/ros2_ws/src/pipeline/build/pipeline/build/lib/pipeline/diff_edf/diffusion_edf
copying pipeline/diff_edf/diffusion_edf/irreps_utils.py -> /home/horowitzlab/ros2_ws/src/pipeline/build/pipeline/build/lib/pipeline/diff_edf/diffusion_edf
copying pipeline/diff_edf/diffusion_edf/gnn_data.py -> /home/horowitzlab/ros2_ws/src/pipeline/build/pipeline/build/lib/pipeline/diff_edf/diffusion_edf
copying pipeline/diff_edf/diffusion_edf/multiscale_tensor_field.py -> /home/horowitzlab/ros2_ws/src/pipeline/build/pipeline/build/lib/pipeline/diff_edf/diffusion_edf
copying pipeline/diff_edf/diffusion_edf/utils.py -> /home/horowitzlab/ros2_ws/src/pipeline/build/pipeline/build/lib/pipeline/diff_edf/diffusion_edf
copying pipeline/diff_edf/diffusion_edf/__init__.py -> /home/horowitzlab/ros2_ws/src/pipeline/build/pipeline/build/lib/pipeline/diff_edf/diffusion_edf
copying pipeline/diff_edf/diffusion_edf/trainer.py -> /home/horowitzlab/ros2_ws/src/pipeline/build/pipeline/build/lib/pipeline/diff_edf/diffusion_edf
copying pipeline/diff_edf/diffusion_edf/visualize.py -> /home/horowitzlab/ros2_ws/src/pipeline/build/pipeline/build/lib/pipeline/diff_edf/diffusion_edf
copying pipeline/diff_edf/diffusion_edf/agent.py -> /home/horowitzlab/ros2_ws/src/pipeline/build/pipeline/build/lib/pipeline/diff_edf/diffusion_edf
copying pipeline/diff_edf/diffusion_edf/loss.py -> /home/horowitzlab/ros2_ws/src/pipeline/build/pipeline/build/lib/pipeline/diff_edf/diffusion_edf
copying pipeline/diff_edf/diffusion_edf/transforms.py -> /home/horowitzlab/ros2_ws/src/pipeline/build/pipeline/build/lib/pipeline/diff_edf/diffusion_edf
creating /home/horowitzlab/ros2_ws/src/pipeline/build/pipeline/build/lib/pipeline/diff_edf/diffusion_edf/equiformer
copying pipeline/diff_edf/diffusion_edf/equiformer/instance_norm.py -> /home/horowitzlab/ros2_ws/src/pipeline/build/pipeline/build/lib/pipeline/diff_edf/diffusion_edf/equiformer
copying pipeline/diff_edf/diffusion_edf/equiformer/fast_layer_norm.py -> /home/horowitzlab/ros2_ws/src/pipeline/build/pipeline/build/lib/pipeline/diff_edf/diffusion_edf/equiformer
copying pipeline/diff_edf/diffusion_edf/equiformer/radial_func.py -> /home/horowitzlab/ros2_ws/src/pipeline/build/pipeline/build/lib/pipeline/diff_edf/diffusion_edf/equiformer
copying pipeline/diff_edf/diffusion_edf/equiformer/dp_attention_transformer.py -> /home/horowitzlab/ros2_ws/src/pipeline/build/pipeline/build/lib/pipeline/diff_edf/diffusion_edf/equiformer
copying pipeline/diff_edf/diffusion_edf/equiformer/fast_activation.py -> /home/horowitzlab/ros2_ws/src/pipeline/build/pipeline/build/lib/pipeline/diff_edf/diffusion_edf/equiformer
copying pipeline/diff_edf/diffusion_edf/equiformer/graph_norm.py -> /home/horowitzlab/ros2_ws/src/pipeline/build/pipeline/build/lib/pipeline/diff_edf/diffusion_edf/equiformer
copying pipeline/diff_edf/diffusion_edf/equiformer/tensor_product_rescale.py -> /home/horowitzlab/ros2_ws/src/pipeline/build/pipeline/build/lib/pipeline/diff_edf/diffusion_edf/equiformer
copying pipeline/diff_edf/diffusion_edf/equiformer/expnorm_rbf.py -> /home/horowitzlab/ros2_ws/src/pipeline/build/pipeline/build/lib/pipeline/diff_edf/diffusion_edf/equiformer
copying pipeline/diff_edf/diffusion_edf/equiformer/layer_norm.py -> /home/horowitzlab/ros2_ws/src/pipeline/build/pipeline/build/lib/pipeline/diff_edf/diffusion_edf/equiformer
copying pipeline/diff_edf/diffusion_edf/equiformer/bessel_rbf.py -> /home/horowitzlab/ros2_ws/src/pipeline/build/pipeline/build/lib/pipeline/diff_edf/diffusion_edf/equiformer
copying pipeline/diff_edf/diffusion_edf/equiformer/graph_attention_transformer.py -> /home/horowitzlab/ros2_ws/src/pipeline/build/pipeline/build/lib/pipeline/diff_edf/diffusion_edf/equiformer
copying pipeline/diff_edf/diffusion_edf/equiformer/registry.py -> /home/horowitzlab/ros2_ws/src/pipeline/build/pipeline/build/lib/pipeline/diff_edf/diffusion_edf/equiformer
copying pipeline/diff_edf/diffusion_edf/equiformer/__init__.py -> /home/horowitzlab/ros2_ws/src/pipeline/build/pipeline/build/lib/pipeline/diff_edf/diffusion_edf/equiformer
copying pipeline/diff_edf/diffusion_edf/equiformer/drop.py -> /home/horowitzlab/ros2_ws/src/pipeline/build/pipeline/build/lib/pipeline/diff_edf/diffusion_edf/equiformer
creating /home/horowitzlab/ros2_ws/src/pipeline/build/pipeline/build/lib/pipeline/diffusion_edf/diffusion_edf
copying pipeline/diffusion_edf/diffusion_edf/w3j.py -> /home/horowitzlab/ros2_ws/src/pipeline/build/pipeline/build/lib/pipeline/diffusion_edf/diffusion_edf
copying pipeline/diffusion_edf/diffusion_edf/train_utils.py -> /home/horowitzlab/ros2_ws/src/pipeline/build/pipeline/build/lib/pipeline/diffusion_edf/diffusion_edf
copying pipeline/diffusion_edf/diffusion_edf/embedding.py -> /home/horowitzlab/ros2_ws/src/pipeline/build/pipeline/build/lib/pipeline/diffusion_edf/diffusion_edf
copying pipeline/diffusion_edf/diffusion_edf/gnn_block.py -> /home/horowitzlab/ros2_ws/src/pipeline/build/pipeline/build/lib/pipeline/diffusion_edf/diffusion_edf
copying pipeline/diffusion_edf/diffusion_edf/skip.py -> /home/horowitzlab/ros2_ws/src/pipeline/build/pipeline/build/lib/pipeline/diffusion_edf/diffusion_edf
copying pipeline/diffusion_edf/diffusion_edf/score_head.py -> /home/horowitzlab/ros2_ws/src/pipeline/build/pipeline/build/lib/pipeline/diffusion_edf/diffusion_edf
copying pipeline/diffusion_edf/diffusion_edf/keypoint_extractor.py -> /home/horowitzlab/ros2_ws/src/pipeline/build/pipeline/build/lib/pipeline/diffusion_edf/diffusion_edf
copying pipeline/diffusion_edf/diffusion_edf/multiscale_score_model.py -> /home/horowitzlab/ros2_ws/src/pipeline/build/pipeline/build/lib/pipeline/diffusion_edf/diffusion_edf
copying pipeline/diffusion_edf/diffusion_edf/radial_func.py -> /home/horowitzlab/ros2_ws/src/pipeline/build/pipeline/build/lib/pipeline/diffusion_edf/diffusion_edf
copying pipeline/diffusion_edf/diffusion_edf/unet_feature_extractor.py -> /home/horowitzlab/ros2_ws/src/pipeline/build/pipeline/build/lib/pipeline/diffusion_edf/diffusion_edf
copying pipeline/diffusion_edf/diffusion_edf/graph_attention.py -> /home/horowitzlab/ros2_ws/src/pipeline/build/pipeline/build/lib/pipeline/diffusion_edf/diffusion_edf
copying pipeline/diffusion_edf/diffusion_edf/train.py -> /home/horowitzlab/ros2_ws/src/pipeline/build/pipeline/build/lib/pipeline/diffusion_edf/diffusion_edf
copying pipeline/diffusion_edf/diffusion_edf/dist.py -> /home/horowitzlab/ros2_ws/src/pipeline/build/pipeline/build/lib/pipeline/diffusion_edf/diffusion_edf
copying pipeline/diffusion_edf/diffusion_edf/graph_parser.py -> /home/horowitzlab/ros2_ws/src/pipeline/build/pipeline/build/lib/pipeline/diffusion_edf/diffusion_edf
copying pipeline/diffusion_edf/diffusion_edf/agent_server.py -> /home/horowitzlab/ros2_ws/src/pipeline/build/pipeline/build/lib/pipeline/diffusion_edf/diffusion_edf
copying pipeline/diffusion_edf/diffusion_edf/block.py -> /home/horowitzlab/ros2_ws/src/pipeline/build/pipeline/build/lib/pipeline/diffusion_edf/diffusion_edf
copying pipeline/diffusion_edf/diffusion_edf/connectivity.py -> /home/horowitzlab/ros2_ws/src/pipeline/build/pipeline/build/lib/pipeline/diffusion_edf/diffusion_edf
copying pipeline/diffusion_edf/diffusion_edf/point_attentive_score_model.py -> /home/horowitzlab/ros2_ws/src/pipeline/build/pipeline/build/lib/pipeline/diffusion_edf/diffusion_edf
copying pipeline/diffusion_edf/diffusion_edf/unet.py -> /home/horowitzlab/ros2_ws/src/pipeline/build/pipeline/build/lib/pipeline/diffusion_edf/diffusion_edf
copying pipeline/diffusion_edf/diffusion_edf/forward_only_feature_extractor.py -> /home/horowitzlab/ros2_ws/src/pipeline/build/pipeline/build/lib/pipeline/diffusion_edf/diffusion_edf
copying pipeline/diffusion_edf/diffusion_edf/wigner.py -> /home/horowitzlab/ros2_ws/src/pipeline/build/pipeline/build/lib/pipeline/diffusion_edf/diffusion_edf
copying pipeline/diffusion_edf/diffusion_edf/score_head_ebm.py -> /home/horowitzlab/ros2_ws/src/pipeline/build/pipeline/build/lib/pipeline/diffusion_edf/diffusion_edf
copying pipeline/diffusion_edf/diffusion_edf/score_model_base.py -> /home/horowitzlab/ros2_ws/src/pipeline/build/pipeline/build/lib/pipeline/diffusion_edf/diffusion_edf
copying pipeline/diffusion_edf/diffusion_edf/irreps_utils.py -> /home/horowitzlab/ros2_ws/src/pipeline/build/pipeline/build/lib/pipeline/diffusion_edf/diffusion_edf
copying pipeline/diffusion_edf/diffusion_edf/gnn_data.py -> /home/horowitzlab/ros2_ws/src/pipeline/build/pipeline/build/lib/pipeline/diffusion_edf/diffusion_edf
copying pipeline/diffusion_edf/diffusion_edf/multiscale_tensor_field.py -> /home/horowitzlab/ros2_ws/src/pipeline/build/pipeline/build/lib/pipeline/diffusion_edf/diffusion_edf
copying pipeline/diffusion_edf/diffusion_edf/utils.py -> /home/horowitzlab/ros2_ws/src/pipeline/build/pipeline/build/lib/pipeline/diffusion_edf/diffusion_edf
copying pipeline/diffusion_edf/diffusion_edf/__init__.py -> /home/horowitzlab/ros2_ws/src/pipeline/build/pipeline/build/lib/pipeline/diffusion_edf/diffusion_edf
copying pipeline/diffusion_edf/diffusion_edf/trainer.py -> /home/horowitzlab/ros2_ws/src/pipeline/build/pipeline/build/lib/pipeline/diffusion_edf/diffusion_edf
copying pipeline/diffusion_edf/diffusion_edf/visualize.py -> /home/horowitzlab/ros2_ws/src/pipeline/build/pipeline/build/lib/pipeline/diffusion_edf/diffusion_edf
copying pipeline/diffusion_edf/diffusion_edf/agent.py -> /home/horowitzlab/ros2_ws/src/pipeline/build/pipeline/build/lib/pipeline/diffusion_edf/diffusion_edf
copying pipeline/diffusion_edf/diffusion_edf/loss.py -> /home/horowitzlab/ros2_ws/src/pipeline/build/pipeline/build/lib/pipeline/diffusion_edf/diffusion_edf
copying pipeline/diffusion_edf/diffusion_edf/transforms.py -> /home/horowitzlab/ros2_ws/src/pipeline/build/pipeline/build/lib/pipeline/diffusion_edf/diffusion_edf
creating /home/horowitzlab/ros2_ws/src/pipeline/build/pipeline/build/lib/pipeline/diffusion_edf/diffusion_edf/equiformer
copying pipeline/diffusion_edf/diffusion_edf/equiformer/instance_norm.py -> /home/horowitzlab/ros2_ws/src/pipeline/build/pipeline/build/lib/pipeline/diffusion_edf/diffusion_edf/equiformer
copying pipeline/diffusion_edf/diffusion_edf/equiformer/fast_layer_norm.py -> /home/horowitzlab/ros2_ws/src/pipeline/build/pipeline/build/lib/pipeline/diffusion_edf/diffusion_edf/equiformer
copying pipeline/diffusion_edf/diffusion_edf/equiformer/radial_func.py -> /home/horowitzlab/ros2_ws/src/pipeline/build/pipeline/build/lib/pipeline/diffusion_edf/diffusion_edf/equiformer
copying pipeline/diffusion_edf/diffusion_edf/equiformer/dp_attention_transformer.py -> /home/horowitzlab/ros2_ws/src/pipeline/build/pipeline/build/lib/pipeline/diffusion_edf/diffusion_edf/equiformer
copying pipeline/diffusion_edf/diffusion_edf/equiformer/fast_activation.py -> /home/horowitzlab/ros2_ws/src/pipeline/build/pipeline/build/lib/pipeline/diffusion_edf/diffusion_edf/equiformer
copying pipeline/diffusion_edf/diffusion_edf/equiformer/graph_norm.py -> /home/horowitzlab/ros2_ws/src/pipeline/build/pipeline/build/lib/pipeline/diffusion_edf/diffusion_edf/equiformer
copying pipeline/diffusion_edf/diffusion_edf/equiformer/tensor_product_rescale.py -> /home/horowitzlab/ros2_ws/src/pipeline/build/pipeline/build/lib/pipeline/diffusion_edf/diffusion_edf/equiformer
copying pipeline/diffusion_edf/diffusion_edf/equiformer/expnorm_rbf.py -> /home/horowitzlab/ros2_ws/src/pipeline/build/pipeline/build/lib/pipeline/diffusion_edf/diffusion_edf/equiformer
copying pipeline/diffusion_edf/diffusion_edf/equiformer/layer_norm.py -> /home/horowitzlab/ros2_ws/src/pipeline/build/pipeline/build/lib/pipeline/diffusion_edf/diffusion_edf/equiformer
copying pipeline/diffusion_edf/diffusion_edf/equiformer/bessel_rbf.py -> /home/horowitzlab/ros2_ws/src/pipeline/build/pipeline/build/lib/pipeline/diffusion_edf/diffusion_edf/equiformer
copying pipeline/diffusion_edf/diffusion_edf/equiformer/graph_attention_transformer.py -> /home/horowitzlab/ros2_ws/src/pipeline/build/pipeline/build/lib/pipeline/diffusion_edf/diffusion_edf/equiformer
copying pipeline/diffusion_edf/diffusion_edf/equiformer/registry.py -> /home/horowitzlab/ros2_ws/src/pipeline/build/pipeline/build/lib/pipeline/diffusion_edf/diffusion_edf/equiformer
copying pipeline/diffusion_edf/diffusion_edf/equiformer/__init__.py -> /home/horowitzlab/ros2_ws/src/pipeline/build/pipeline/build/lib/pipeline/diffusion_edf/diffusion_edf/equiformer
copying pipeline/diffusion_edf/diffusion_edf/equiformer/drop.py -> /home/horowitzlab/ros2_ws/src/pipeline/build/pipeline/build/lib/pipeline/diffusion_edf/diffusion_edf/equiformer
running install
running install_lib
creating /home/horowitzlab/ros2_ws/src/pipeline/install/pipeline/lib/python3.10/site-packages/pipeline
creating /home/horowitzlab/ros2_ws/src/pipeline/install/pipeline/lib/python3.10/site-packages/pipeline/diff_edf
copying /home/horowitzlab/ros2_ws/src/pipeline/build/pipeline/build/lib/pipeline/diff_edf/diff_edf_service.py -> /home/horowitzlab/ros2_ws/src/pipeline/install/pipeline/lib/python3.10/site-packages/pipeline/diff_edf
copying /home/horowitzlab/ros2_ws/src/pipeline/build/pipeline/build/lib/pipeline/diff_edf/__init__.py -> /home/horowitzlab/ros2_ws/src/pipeline/install/pipeline/lib/python3.10/site-packages/pipeline/diff_edf
creating /home/horowitzlab/ros2_ws/src/pipeline/install/pipeline/lib/python3.10/site-packages/pipeline/diff_edf/diffusion_edf
copying /home/horowitzlab/ros2_ws/src/pipeline/build/pipeline/build/lib/pipeline/diff_edf/diffusion_edf/w3j.py -> /home/horowitzlab/ros2_ws/src/pipeline/install/pipeline/lib/python3.10/site-packages/pipeline/diff_edf/diffusion_edf
copying /home/horowitzlab/ros2_ws/src/pipeline/build/pipeline/build/lib/pipeline/diff_edf/diffusion_edf/train_utils.py -> /home/horowitzlab/ros2_ws/src/pipeline/install/pipeline/lib/python3.10/site-packages/pipeline/diff_edf/diffusion_edf
copying /home/horowitzlab/ros2_ws/src/pipeline/build/pipeline/build/lib/pipeline/diff_edf/diffusion_edf/embedding.py -> /home/horowitzlab/ros2_ws/src/pipeline/install/pipeline/lib/python3.10/site-packages/pipeline/diff_edf/diffusion_edf
copying /home/horowitzlab/ros2_ws/src/pipeline/build/pipeline/build/lib/pipeline/diff_edf/diffusion_edf/gnn_block.py -> /home/horowitzlab/ros2_ws/src/pipeline/install/pipeline/lib/python3.10/site-packages/pipeline/diff_edf/diffusion_edf
copying /home/horowitzlab/ros2_ws/src/pipeline/build/pipeline/build/lib/pipeline/diff_edf/diffusion_edf/skip.py -> /home/horowitzlab/ros2_ws/src/pipeline/install/pipeline/lib/python3.10/site-packages/pipeline/diff_edf/diffusion_edf
copying /home/horowitzlab/ros2_ws/src/pipeline/build/pipeline/build/lib/pipeline/diff_edf/diffusion_edf/score_head.py -> /home/horowitzlab/ros2_ws/src/pipeline/install/pipeline/lib/python3.10/site-packages/pipeline/diff_edf/diffusion_edf
creating /home/horowitzlab/ros2_ws/src/pipeline/install/pipeline/lib/python3.10/site-packages/pipeline/diff_edf/diffusion_edf/equiformer
copying /home/horowitzlab/ros2_ws/src/pipeline/build/pipeline/build/lib/pipeline/diff_edf/diffusion_edf/equiformer/instance_norm.py -> /home/horowitzlab/ros2_ws/src/pipeline/install/pipeline/lib/python3.10/site-packages/pipeline/diff_edf/diffusion_edf/equiformer
copying /home/horowitzlab/ros2_ws/src/pipeline/build/pipeline/build/lib/pipeline/diff_edf/diffusion_edf/equiformer/fast_layer_norm.py -> /home/horowitzlab/ros2_ws/src/pipeline/install/pipeline/lib/python3.10/site-packages/pipeline/diff_edf/diffusion_edf/equiformer
copying /home/horowitzlab/ros2_ws/src/pipeline/build/pipeline/build/lib/pipeline/diff_edf/diffusion_edf/equiformer/radial_func.py -> /home/horowitzlab/ros2_ws/src/pipeline/install/pipeline/lib/python3.10/site-packages/pipeline/diff_edf/diffusion_edf/equiformer
copying /home/horowitzlab/ros2_ws/src/pipeline/build/pipeline/build/lib/pipeline/diff_edf/diffusion_edf/equiformer/dp_attention_transformer.py -> /home/horowitzlab/ros2_ws/src/pipeline/install/pipeline/lib/python3.10/site-packages/pipeline/diff_edf/diffusion_edf/equiformer
copying /home/horowitzlab/ros2_ws/src/pipeline/build/pipeline/build/lib/pipeline/diff_edf/diffusion_edf/equiformer/fast_activation.py -> /home/horowitzlab/ros2_ws/src/pipeline/install/pipeline/lib/python3.10/site-packages/pipeline/diff_edf/diffusion_edf/equiformer
copying /home/horowitzlab/ros2_ws/src/pipeline/build/pipeline/build/lib/pipeline/diff_edf/diffusion_edf/equiformer/graph_norm.py -> /home/horowitzlab/ros2_ws/src/pipeline/install/pipeline/lib/python3.10/site-packages/pipeline/diff_edf/diffusion_edf/equiformer
copying /home/horowitzlab/ros2_ws/src/pipeline/build/pipeline/build/lib/pipeline/diff_edf/diffusion_edf/equiformer/tensor_product_rescale.py -> /home/horowitzlab/ros2_ws/src/pipeline/install/pipeline/lib/python3.10/site-packages/pipeline/diff_edf/diffusion_edf/equiformer
copying /home/horowitzlab/ros2_ws/src/pipeline/build/pipeline/build/lib/pipeline/diff_edf/diffusion_edf/equiformer/expnorm_rbf.py -> /home/horowitzlab/ros2_ws/src/pipeline/install/pipeline/lib/python3.10/site-packages/pipeline/diff_edf/diffusion_edf/equiformer
copying /home/horowitzlab/ros2_ws/src/pipeline/build/pipeline/build/lib/pipeline/diff_edf/diffusion_edf/equiformer/layer_norm.py -> /home/horowitzlab/ros2_ws/src/pipeline/install/pipeline/lib/python3.10/site-packages/pipeline/diff_edf/diffusion_edf/equiformer
copying /home/horowitzlab/ros2_ws/src/pipeline/build/pipeline/build/lib/pipeline/diff_edf/diffusion_edf/equiformer/bessel_rbf.py -> /home/horowitzlab/ros2_ws/src/pipeline/install/pipeline/lib/python3.10/site-packages/pipeline/diff_edf/diffusion_edf/equiformer
copying /home/horowitzlab/ros2_ws/src/pipeline/build/pipeline/build/lib/pipeline/diff_edf/diffusion_edf/equiformer/graph_attention_transformer.py -> /home/horowitzlab/ros2_ws/src/pipeline/install/pipeline/lib/python3.10/site-packages/pipeline/diff_edf/diffusion_edf/equiformer
copying /home/horowitzlab/ros2_ws/src/pipeline/build/pipeline/build/lib/pipeline/diff_edf/diffusion_edf/equiformer/registry.py -> /home/horowitzlab/ros2_ws/src/pipeline/install/pipeline/lib/python3.10/site-packages/pipeline/diff_edf/diffusion_edf/equiformer
copying /home/horowitzlab/ros2_ws/src/pipeline/build/pipeline/build/lib/pipeline/diff_edf/diffusion_edf/equiformer/__init__.py -> /home/horowitzlab/ros2_ws/src/pipeline/install/pipeline/lib/python3.10/site-packages/pipeline/diff_edf/diffusion_edf/equiformer
copying /home/horowitzlab/ros2_ws/src/pipeline/build/pipeline/build/lib/pipeline/diff_edf/diffusion_edf/equiformer/drop.py -> /home/horowitzlab/ros2_ws/src/pipeline/install/pipeline/lib/python3.10/site-packages/pipeline/diff_edf/diffusion_edf/equiformer
copying /home/horowitzlab/ros2_ws/src/pipeline/build/pipeline/build/lib/pipeline/diff_edf/diffusion_edf/keypoint_extractor.py -> /home/horowitzlab/ros2_ws/src/pipeline/install/pipeline/lib/python3.10/site-packages/pipeline/diff_edf/diffusion_edf
copying /home/horowitzlab/ros2_ws/src/pipeline/build/pipeline/build/lib/pipeline/diff_edf/diffusion_edf/multiscale_score_model.py -> /home/horowitzlab/ros2_ws/src/pipeline/install/pipeline/lib/python3.10/site-packages/pipeline/diff_edf/diffusion_edf
copying /home/horowitzlab/ros2_ws/src/pipeline/build/pipeline/build/lib/pipeline/diff_edf/diffusion_edf/radial_func.py -> /home/horowitzlab/ros2_ws/src/pipeline/install/pipeline/lib/python3.10/site-packages/pipeline/diff_edf/diffusion_edf
copying /home/horowitzlab/ros2_ws/src/pipeline/build/pipeline/build/lib/pipeline/diff_edf/diffusion_edf/unet_feature_extractor.py -> /home/horowitzlab/ros2_ws/src/pipeline/install/pipeline/lib/python3.10/site-packages/pipeline/diff_edf/diffusion_edf
copying /home/horowitzlab/ros2_ws/src/pipeline/build/pipeline/build/lib/pipeline/diff_edf/diffusion_edf/graph_attention.py -> /home/horowitzlab/ros2_ws/src/pipeline/install/pipeline/lib/python3.10/site-packages/pipeline/diff_edf/diffusion_edf
copying /home/horowitzlab/ros2_ws/src/pipeline/build/pipeline/build/lib/pipeline/diff_edf/diffusion_edf/train.py -> /home/horowitzlab/ros2_ws/src/pipeline/install/pipeline/lib/python3.10/site-packages/pipeline/diff_edf/diffusion_edf
copying /home/horowitzlab/ros2_ws/src/pipeline/build/pipeline/build/lib/pipeline/diff_edf/diffusion_edf/dist.py -> /home/horowitzlab/ros2_ws/src/pipeline/install/pipeline/lib/python3.10/site-packages/pipeline/diff_edf/diffusion_edf
copying /home/horowitzlab/ros2_ws/src/pipeline/build/pipeline/build/lib/pipeline/diff_edf/diffusion_edf/graph_parser.py -> /home/horowitzlab/ros2_ws/src/pipeline/install/pipeline/lib/python3.10/site-packages/pipeline/diff_edf/diffusion_edf
copying /home/horowitzlab/ros2_ws/src/pipeline/build/pipeline/build/lib/pipeline/diff_edf/diffusion_edf/agent_server.py -> /home/horowitzlab/ros2_ws/src/pipeline/install/pipeline/lib/python3.10/site-packages/pipeline/diff_edf/diffusion_edf
copying /home/horowitzlab/ros2_ws/src/pipeline/build/pipeline/build/lib/pipeline/diff_edf/diffusion_edf/block.py -> /home/horowitzlab/ros2_ws/src/pipeline/install/pipeline/lib/python3.10/site-packages/pipeline/diff_edf/diffusion_edf
copying /home/horowitzlab/ros2_ws/src/pipeline/build/pipeline/build/lib/pipeline/diff_edf/diffusion_edf/connectivity.py -> /home/horowitzlab/ros2_ws/src/pipeline/install/pipeline/lib/python3.10/site-packages/pipeline/diff_edf/diffusion_edf
copying /home/horowitzlab/ros2_ws/src/pipeline/build/pipeline/build/lib/pipeline/diff_edf/diffusion_edf/point_attentive_score_model.py -> /home/horowitzlab/ros2_ws/src/pipeline/install/pipeline/lib/python3.10/site-packages/pipeline/diff_edf/diffusion_edf
copying /home/horowitzlab/ros2_ws/src/pipeline/build/pipeline/build/lib/pipeline/diff_edf/diffusion_edf/unet.py -> /home/horowitzlab/ros2_ws/src/pipeline/install/pipeline/lib/python3.10/site-packages/pipeline/diff_edf/diffusion_edf
copying /home/horowitzlab/ros2_ws/src/pipeline/build/pipeline/build/lib/pipeline/diff_edf/diffusion_edf/forward_only_feature_extractor.py -> /home/horowitzlab/ros2_ws/src/pipeline/install/pipeline/lib/python3.10/site-packages/pipeline/diff_edf/diffusion_edf
copying /home/horowitzlab/ros2_ws/src/pipeline/build/pipeline/build/lib/pipeline/diff_edf/diffusion_edf/wigner.py -> /home/horowitzlab/ros2_ws/src/pipeline/install/pipeline/lib/python3.10/site-packages/pipeline/diff_edf/diffusion_edf
copying /home/horowitzlab/ros2_ws/src/pipeline/build/pipeline/build/lib/pipeline/diff_edf/diffusion_edf/score_head_ebm.py -> /home/horowitzlab/ros2_ws/src/pipeline/install/pipeline/lib/python3.10/site-packages/pipeline/diff_edf/diffusion_edf
copying /home/horowitzlab/ros2_ws/src/pipeline/build/pipeline/build/lib/pipeline/diff_edf/diffusion_edf/score_model_base.py -> /home/horowitzlab/ros2_ws/src/pipeline/install/pipeline/lib/python3.10/site-packages/pipeline/diff_edf/diffusion_edf
copying /home/horowitzlab/ros2_ws/src/pipeline/build/pipeline/build/lib/pipeline/diff_edf/diffusion_edf/irreps_utils.py -> /home/horowitzlab/ros2_ws/src/pipeline/install/pipeline/lib/python3.10/site-packages/pipeline/diff_edf/diffusion_edf
copying /home/horowitzlab/ros2_ws/src/pipeline/build/pipeline/build/lib/pipeline/diff_edf/diffusion_edf/gnn_data.py -> /home/horowitzlab/ros2_ws/src/pipeline/install/pipeline/lib/python3.10/site-packages/pipeline/diff_edf/diffusion_edf
copying /home/horowitzlab/ros2_ws/src/pipeline/build/pipeline/build/lib/pipeline/diff_edf/diffusion_edf/multiscale_tensor_field.py -> /home/horowitzlab/ros2_ws/src/pipeline/install/pipeline/lib/python3.10/site-packages/pipeline/diff_edf/diffusion_edf
copying /home/horowitzlab/ros2_ws/src/pipeline/build/pipeline/build/lib/pipeline/diff_edf/diffusion_edf/utils.py -> /home/horowitzlab/ros2_ws/src/pipeline/install/pipeline/lib/python3.10/site-packages/pipeline/diff_edf/diffusion_edf
copying /home/horowitzlab/ros2_ws/src/pipeline/build/pipeline/build/lib/pipeline/diff_edf/diffusion_edf/__init__.py -> /home/horowitzlab/ros2_ws/src/pipeline/install/pipeline/lib/python3.10/site-packages/pipeline/diff_edf/diffusion_edf
copying /home/horowitzlab/ros2_ws/src/pipeline/build/pipeline/build/lib/pipeline/diff_edf/diffusion_edf/trainer.py -> /home/horowitzlab/ros2_ws/src/pipeline/install/pipeline/lib/python3.10/site-packages/pipeline/diff_edf/diffusion_edf
copying /home/horowitzlab/ros2_ws/src/pipeline/build/pipeline/build/lib/pipeline/diff_edf/diffusion_edf/visualize.py -> /home/horowitzlab/ros2_ws/src/pipeline/install/pipeline/lib/python3.10/site-packages/pipeline/diff_edf/diffusion_edf
copying /home/horowitzlab/ros2_ws/src/pipeline/build/pipeline/build/lib/pipeline/diff_edf/diffusion_edf/agent.py -> /home/horowitzlab/ros2_ws/src/pipeline/install/pipeline/lib/python3.10/site-packages/pipeline/diff_edf/diffusion_edf
copying /home/horowitzlab/ros2_ws/src/pipeline/build/pipeline/build/lib/pipeline/diff_edf/diffusion_edf/loss.py -> /home/horowitzlab/ros2_ws/src/pipeline/install/pipeline/lib/python3.10/site-packages/pipeline/diff_edf/diffusion_edf
copying /home/horowitzlab/ros2_ws/src/pipeline/build/pipeline/build/lib/pipeline/diff_edf/diffusion_edf/transforms.py -> /home/horowitzlab/ros2_ws/src/pipeline/install/pipeline/lib/python3.10/site-packages/pipeline/diff_edf/diffusion_edf
copying /home/horowitzlab/ros2_ws/src/pipeline/build/pipeline/build/lib/pipeline/__init__.py -> /home/horowitzlab/ros2_ws/src/pipeline/install/pipeline/lib/python3.10/site-packages/pipeline
creating /home/horowitzlab/ros2_ws/src/pipeline/install/pipeline/lib/python3.10/site-packages/pipeline/diffusion_edf
copying /home/horowitzlab/ros2_ws/src/pipeline/build/pipeline/build/lib/pipeline/diffusion_edf/diff_edf_service.py -> /home/horowitzlab/ros2_ws/src/pipeline/install/pipeline/lib/python3.10/site-packages/pipeline/diffusion_edf
copying /home/horowitzlab/ros2_ws/src/pipeline/build/pipeline/build/lib/pipeline/diffusion_edf/setup.py -> /home/horowitzlab/ros2_ws/src/pipeline/install/pipeline/lib/python3.10/site-packages/pipeline/diffusion_edf
copying /home/horowitzlab/ros2_ws/src/pipeline/build/pipeline/build/lib/pipeline/diffusion_edf/__init__.py -> /home/horowitzlab/ros2_ws/src/pipeline/install/pipeline/lib/python3.10/site-packages/pipeline/diffusion_edf
creating /home/horowitzlab/ros2_ws/src/pipeline/install/pipeline/lib/python3.10/site-packages/pipeline/diffusion_edf/diffusion_edf
copying /home/horowitzlab/ros2_ws/src/pipeline/build/pipeline/build/lib/pipeline/diffusion_edf/diffusion_edf/w3j.py -> /home/horowitzlab/ros2_ws/src/pipeline/install/pipeline/lib/python3.10/site-packages/pipeline/diffusion_edf/diffusion_edf
copying /home/horowitzlab/ros2_ws/src/pipeline/build/pipeline/build/lib/pipeline/diffusion_edf/diffusion_edf/train_utils.py -> /home/horowitzlab/ros2_ws/src/pipeline/install/pipeline/lib/python3.10/site-packages/pipeline/diffusion_edf/diffusion_edf
copying /home/horowitzlab/ros2_ws/src/pipeline/build/pipeline/build/lib/pipeline/diffusion_edf/diffusion_edf/embedding.py -> /home/horowitzlab/ros2_ws/src/pipeline/install/pipeline/lib/python3.10/site-packages/pipeline/diffusion_edf/diffusion_edf
copying /home/horowitzlab/ros2_ws/src/pipeline/build/pipeline/build/lib/pipeline/diffusion_edf/diffusion_edf/gnn_block.py -> /home/horowitzlab/ros2_ws/src/pipeline/install/pipeline/lib/python3.10/site-packages/pipeline/diffusion_edf/diffusion_edf
copying /home/horowitzlab/ros2_ws/src/pipeline/build/pipeline/build/lib/pipeline/diffusion_edf/diffusion_edf/skip.py -> /home/horowitzlab/ros2_ws/src/pipeline/install/pipeline/lib/python3.10/site-packages/pipeline/diffusion_edf/diffusion_edf
copying /home/horowitzlab/ros2_ws/src/pipeline/build/pipeline/build/lib/pipeline/diffusion_edf/diffusion_edf/score_head.py -> /home/horowitzlab/ros2_ws/src/pipeline/install/pipeline/lib/python3.10/site-packages/pipeline/diffusion_edf/diffusion_edf
creating /home/horowitzlab/ros2_ws/src/pipeline/install/pipeline/lib/python3.10/site-packages/pipeline/diffusion_edf/diffusion_edf/equiformer
copying /home/horowitzlab/ros2_ws/src/pipeline/build/pipeline/build/lib/pipeline/diffusion_edf/diffusion_edf/equiformer/instance_norm.py -> /home/horowitzlab/ros2_ws/src/pipeline/install/pipeline/lib/python3.10/site-packages/pipeline/diffusion_edf/diffusion_edf/equiformer
copying /home/horowitzlab/ros2_ws/src/pipeline/build/pipeline/build/lib/pipeline/diffusion_edf/diffusion_edf/equiformer/fast_layer_norm.py -> /home/horowitzlab/ros2_ws/src/pipeline/install/pipeline/lib/python3.10/site-packages/pipeline/diffusion_edf/diffusion_edf/equiformer
copying /home/horowitzlab/ros2_ws/src/pipeline/build/pipeline/build/lib/pipeline/diffusion_edf/diffusion_edf/equiformer/radial_func.py -> /home/horowitzlab/ros2_ws/src/pipeline/install/pipeline/lib/python3.10/site-packages/pipeline/diffusion_edf/diffusion_edf/equiformer
copying /home/horowitzlab/ros2_ws/src/pipeline/build/pipeline/build/lib/pipeline/diffusion_edf/diffusion_edf/equiformer/dp_attention_transformer.py -> /home/horowitzlab/ros2_ws/src/pipeline/install/pipeline/lib/python3.10/site-packages/pipeline/diffusion_edf/diffusion_edf/equiformer
copying /home/horowitzlab/ros2_ws/src/pipeline/build/pipeline/build/lib/pipeline/diffusion_edf/diffusion_edf/equiformer/fast_activation.py -> /home/horowitzlab/ros2_ws/src/pipeline/install/pipeline/lib/python3.10/site-packages/pipeline/diffusion_edf/diffusion_edf/equiformer
copying /home/horowitzlab/ros2_ws/src/pipeline/build/pipeline/build/lib/pipeline/diffusion_edf/diffusion_edf/equiformer/graph_norm.py -> /home/horowitzlab/ros2_ws/src/pipeline/install/pipeline/lib/python3.10/site-packages/pipeline/diffusion_edf/diffusion_edf/equiformer
copying /home/horowitzlab/ros2_ws/src/pipeline/build/pipeline/build/lib/pipeline/diffusion_edf/diffusion_edf/equiformer/tensor_product_rescale.py -> /home/horowitzlab/ros2_ws/src/pipeline/install/pipeline/lib/python3.10/site-packages/pipeline/diffusion_edf/diffusion_edf/equiformer
copying /home/horowitzlab/ros2_ws/src/pipeline/build/pipeline/build/lib/pipeline/diffusion_edf/diffusion_edf/equiformer/expnorm_rbf.py -> /home/horowitzlab/ros2_ws/src/pipeline/install/pipeline/lib/python3.10/site-packages/pipeline/diffusion_edf/diffusion_edf/equiformer
copying /home/horowitzlab/ros2_ws/src/pipeline/build/pipeline/build/lib/pipeline/diffusion_edf/diffusion_edf/equiformer/layer_norm.py -> /home/horowitzlab/ros2_ws/src/pipeline/install/pipeline/lib/python3.10/site-packages/pipeline/diffusion_edf/diffusion_edf/equiformer
copying /home/horowitzlab/ros2_ws/src/pipeline/build/pipeline/build/lib/pipeline/diffusion_edf/diffusion_edf/equiformer/bessel_rbf.py -> /home/horowitzlab/ros2_ws/src/pipeline/install/pipeline/lib/python3.10/site-packages/pipeline/diffusion_edf/diffusion_edf/equiformer
copying /home/horowitzlab/ros2_ws/src/pipeline/build/pipeline/build/lib/pipeline/diffusion_edf/diffusion_edf/equiformer/graph_attention_transformer.py -> /home/horowitzlab/ros2_ws/src/pipeline/install/pipeline/lib/python3.10/site-packages/pipeline/diffusion_edf/diffusion_edf/equiformer
copying /home/horowitzlab/ros2_ws/src/pipeline/build/pipeline/build/lib/pipeline/diffusion_edf/diffusion_edf/equiformer/registry.py -> /home/horowitzlab/ros2_ws/src/pipeline/install/pipeline/lib/python3.10/site-packages/pipeline/diffusion_edf/diffusion_edf/equiformer
copying /home/horowitzlab/ros2_ws/src/pipeline/build/pipeline/build/lib/pipeline/diffusion_edf/diffusion_edf/equiformer/__init__.py -> /home/horowitzlab/ros2_ws/src/pipeline/install/pipeline/lib/python3.10/site-packages/pipeline/diffusion_edf/diffusion_edf/equiformer
copying /home/horowitzlab/ros2_ws/src/pipeline/build/pipeline/build/lib/pipeline/diffusion_edf/diffusion_edf/equiformer/drop.py -> /home/horowitzlab/ros2_ws/src/pipeline/install/pipeline/lib/python3.10/site-packages/pipeline/diffusion_edf/diffusion_edf/equiformer
copying /home/horowitzlab/ros2_ws/src/pipeline/build/pipeline/build/lib/pipeline/diffusion_edf/diffusion_edf/keypoint_extractor.py -> /home/horowitzlab/ros2_ws/src/pipeline/install/pipeline/lib/python3.10/site-packages/pipeline/diffusion_edf/diffusion_edf
copying /home/horowitzlab/ros2_ws/src/pipeline/build/pipeline/build/lib/pipeline/diffusion_edf/diffusion_edf/multiscale_score_model.py -> /home/horowitzlab/ros2_ws/src/pipeline/install/pipeline/lib/python3.10/site-packages/pipeline/diffusion_edf/diffusion_edf
copying /home/horowitzlab/ros2_ws/src/pipeline/build/pipeline/build/lib/pipeline/diffusion_edf/diffusion_edf/radial_func.py -> /home/horowitzlab/ros2_ws/src/pipeline/install/pipeline/lib/python3.10/site-packages/pipeline/diffusion_edf/diffusion_edf
copying /home/horowitzlab/ros2_ws/src/pipeline/build/pipeline/build/lib/pipeline/diffusion_edf/diffusion_edf/unet_feature_extractor.py -> /home/horowitzlab/ros2_ws/src/pipeline/install/pipeline/lib/python3.10/site-packages/pipeline/diffusion_edf/diffusion_edf
copying /home/horowitzlab/ros2_ws/src/pipeline/build/pipeline/build/lib/pipeline/diffusion_edf/diffusion_edf/graph_attention.py -> /home/horowitzlab/ros2_ws/src/pipeline/install/pipeline/lib/python3.10/site-packages/pipeline/diffusion_edf/diffusion_edf
copying /home/horowitzlab/ros2_ws/src/pipeline/build/pipeline/build/lib/pipeline/diffusion_edf/diffusion_edf/train.py -> /home/horowitzlab/ros2_ws/src/pipeline/install/pipeline/lib/python3.10/site-packages/pipeline/diffusion_edf/diffusion_edf
copying /home/horowitzlab/ros2_ws/src/pipeline/build/pipeline/build/lib/pipeline/diffusion_edf/diffusion_edf/dist.py -> /home/horowitzlab/ros2_ws/src/pipeline/install/pipeline/lib/python3.10/site-packages/pipeline/diffusion_edf/diffusion_edf
copying /home/horowitzlab/ros2_ws/src/pipeline/build/pipeline/build/lib/pipeline/diffusion_edf/diffusion_edf/graph_parser.py -> /home/horowitzlab/ros2_ws/src/pipeline/install/pipeline/lib/python3.10/site-packages/pipeline/diffusion_edf/diffusion_edf
copying /home/horowitzlab/ros2_ws/src/pipeline/build/pipeline/build/lib/pipeline/diffusion_edf/diffusion_edf/agent_server.py -> /home/horowitzlab/ros2_ws/src/pipeline/install/pipeline/lib/python3.10/site-packages/pipeline/diffusion_edf/diffusion_edf
copying /home/horowitzlab/ros2_ws/src/pipeline/build/pipeline/build/lib/pipeline/diffusion_edf/diffusion_edf/block.py -> /home/horowitzlab/ros2_ws/src/pipeline/install/pipeline/lib/python3.10/site-packages/pipeline/diffusion_edf/diffusion_edf
copying /home/horowitzlab/ros2_ws/src/pipeline/build/pipeline/build/lib/pipeline/diffusion_edf/diffusion_edf/connectivity.py -> /home/horowitzlab/ros2_ws/src/pipeline/install/pipeline/lib/python3.10/site-packages/pipeline/diffusion_edf/diffusion_edf
copying /home/horowitzlab/ros2_ws/src/pipeline/build/pipeline/build/lib/pipeline/diffusion_edf/diffusion_edf/point_attentive_score_model.py -> /home/horowitzlab/ros2_ws/src/pipeline/install/pipeline/lib/python3.10/site-packages/pipeline/diffusion_edf/diffusion_edf
copying /home/horowitzlab/ros2_ws/src/pipeline/build/pipeline/build/lib/pipeline/diffusion_edf/diffusion_edf/unet.py -> /home/horowitzlab/ros2_ws/src/pipeline/install/pipeline/lib/python3.10/site-packages/pipeline/diffusion_edf/diffusion_edf
copying /home/horowitzlab/ros2_ws/src/pipeline/build/pipeline/build/lib/pipeline/diffusion_edf/diffusion_edf/forward_only_feature_extractor.py -> /home/horowitzlab/ros2_ws/src/pipeline/install/pipeline/lib/python3.10/site-packages/pipeline/diffusion_edf/diffusion_edf
copying /home/horowitzlab/ros2_ws/src/pipeline/build/pipeline/build/lib/pipeline/diffusion_edf/diffusion_edf/wigner.py -> /home/horowitzlab/ros2_ws/src/pipeline/install/pipeline/lib/python3.10/site-packages/pipeline/diffusion_edf/diffusion_edf
copying /home/horowitzlab/ros2_ws/src/pipeline/build/pipeline/build/lib/pipeline/diffusion_edf/diffusion_edf/score_head_ebm.py -> /home/horowitzlab/ros2_ws/src/pipeline/install/pipeline/lib/python3.10/site-packages/pipeline/diffusion_edf/diffusion_edf
copying /home/horowitzlab/ros2_ws/src/pipeline/build/pipeline/build/lib/pipeline/diffusion_edf/diffusion_edf/score_model_base.py -> /home/horowitzlab/ros2_ws/src/pipeline/install/pipeline/lib/python3.10/site-packages/pipeline/diffusion_edf/diffusion_edf
copying /home/horowitzlab/ros2_ws/src/pipeline/build/pipeline/build/lib/pipeline/diffusion_edf/diffusion_edf/irreps_utils.py -> /home/horowitzlab/ros2_ws/src/pipeline/install/pipeline/lib/python3.10/site-packages/pipeline/diffusion_edf/diffusion_edf
copying /home/horowitzlab/ros2_ws/src/pipeline/build/pipeline/build/lib/pipeline/diffusion_edf/diffusion_edf/gnn_data.py -> /home/horowitzlab/ros2_ws/src/pipeline/install/pipeline/lib/python3.10/site-packages/pipeline/diffusion_edf/diffusion_edf
copying /home/horowitzlab/ros2_ws/src/pipeline/build/pipeline/build/lib/pipeline/diffusion_edf/diffusion_edf/multiscale_tensor_field.py -> /home/horowitzlab/ros2_ws/src/pipeline/install/pipeline/lib/python3.10/site-packages/pipeline/diffusion_edf/diffusion_edf
copying /home/horowitzlab/ros2_ws/src/pipeline/build/pipeline/build/lib/pipeline/diffusion_edf/diffusion_edf/utils.py -> /home/horowitzlab/ros2_ws/src/pipeline/install/pipeline/lib/python3.10/site-packages/pipeline/diffusion_edf/diffusion_edf
copying /home/horowitzlab/ros2_ws/src/pipeline/build/pipeline/build/lib/pipeline/diffusion_edf/diffusion_edf/__init__.py -> /home/horowitzlab/ros2_ws/src/pipeline/install/pipeline/lib/python3.10/site-packages/pipeline/diffusion_edf/diffusion_edf
copying /home/horowitzlab/ros2_ws/src/pipeline/build/pipeline/build/lib/pipeline/diffusion_edf/diffusion_edf/trainer.py -> /home/horowitzlab/ros2_ws/src/pipeline/install/pipeline/lib/python3.10/site-packages/pipeline/diffusion_edf/diffusion_edf
copying /home/horowitzlab/ros2_ws/src/pipeline/build/pipeline/build/lib/pipeline/diffusion_edf/diffusion_edf/visualize.py -> /home/horowitzlab/ros2_ws/src/pipeline/install/pipeline/lib/python3.10/site-packages/pipeline/diffusion_edf/diffusion_edf
copying /home/horowitzlab/ros2_ws/src/pipeline/build/pipeline/build/lib/pipeline/diffusion_edf/diffusion_edf/agent.py -> /home/horowitzlab/ros2_ws/src/pipeline/install/pipeline/lib/python3.10/site-packages/pipeline/diffusion_edf/diffusion_edf
copying /home/horowitzlab/ros2_ws/src/pipeline/build/pipeline/build/lib/pipeline/diffusion_edf/diffusion_edf/loss.py -> /home/horowitzlab/ros2_ws/src/pipeline/install/pipeline/lib/python3.10/site-packages/pipeline/diffusion_edf/diffusion_edf
copying /home/horowitzlab/ros2_ws/src/pipeline/build/pipeline/build/lib/pipeline/diffusion_edf/diffusion_edf/transforms.py -> /home/horowitzlab/ros2_ws/src/pipeline/install/pipeline/lib/python3.10/site-packages/pipeline/diffusion_edf/diffusion_edf
byte-compiling /home/horowitzlab/ros2_ws/src/pipeline/install/pipeline/lib/python3.10/site-packages/pipeline/diff_edf/diff_edf_service.py to diff_edf_service.cpython-310.pyc
byte-compiling /home/horowitzlab/ros2_ws/src/pipeline/install/pipeline/lib/python3.10/site-packages/pipeline/diff_edf/__init__.py to __init__.cpython-310.pyc
byte-compiling /home/horowitzlab/ros2_ws/src/pipeline/install/pipeline/lib/python3.10/site-packages/pipeline/diff_edf/diffusion_edf/w3j.py to w3j.cpython-310.pyc
byte-compiling /home/horowitzlab/ros2_ws/src/pipeline/install/pipeline/lib/python3.10/site-packages/pipeline/diff_edf/diffusion_edf/train_utils.py to train_utils.cpython-310.pyc
byte-compiling /home/horowitzlab/ros2_ws/src/pipeline/install/pipeline/lib/python3.10/site-packages/pipeline/diff_edf/diffusion_edf/embedding.py to embedding.cpython-310.pyc
byte-compiling /home/horowitzlab/ros2_ws/src/pipeline/install/pipeline/lib/python3.10/site-packages/pipeline/diff_edf/diffusion_edf/gnn_block.py to gnn_block.cpython-310.pyc
byte-compiling /home/horowitzlab/ros2_ws/src/pipeline/install/pipeline/lib/python3.10/site-packages/pipeline/diff_edf/diffusion_edf/skip.py to skip.cpython-310.pyc
byte-compiling /home/horowitzlab/ros2_ws/src/pipeline/install/pipeline/lib/python3.10/site-packages/pipeline/diff_edf/diffusion_edf/score_head.py to score_head.cpython-310.pyc
byte-compiling /home/horowitzlab/ros2_ws/src/pipeline/install/pipeline/lib/python3.10/site-packages/pipeline/diff_edf/diffusion_edf/equiformer/instance_norm.py to instance_norm.cpython-310.pyc
byte-compiling /home/horowitzlab/ros2_ws/src/pipeline/install/pipeline/lib/python3.10/site-packages/pipeline/diff_edf/diffusion_edf/equiformer/fast_layer_norm.py to fast_layer_norm.cpython-310.pyc
byte-compiling /home/horowitzlab/ros2_ws/src/pipeline/install/pipeline/lib/python3.10/site-packages/pipeline/diff_edf/diffusion_edf/equiformer/radial_func.py to radial_func.cpython-310.pyc
byte-compiling /home/horowitzlab/ros2_ws/src/pipeline/install/pipeline/lib/python3.10/site-packages/pipeline/diff_edf/diffusion_edf/equiformer/dp_attention_transformer.py to dp_attention_transformer.cpython-310.pyc
byte-compiling /home/horowitzlab/ros2_ws/src/pipeline/install/pipeline/lib/python3.10/site-packages/pipeline/diff_edf/diffusion_edf/equiformer/fast_activation.py to fast_activation.cpython-310.pyc
byte-compiling /home/horowitzlab/ros2_ws/src/pipeline/install/pipeline/lib/python3.10/site-packages/pipeline/diff_edf/diffusion_edf/equiformer/graph_norm.py to graph_norm.cpython-310.pyc
byte-compiling /home/horowitzlab/ros2_ws/src/pipeline/install/pipeline/lib/python3.10/site-packages/pipeline/diff_edf/diffusion_edf/equiformer/tensor_product_rescale.py to tensor_product_rescale.cpython-310.pyc
byte-compiling /home/horowitzlab/ros2_ws/src/pipeline/install/pipeline/lib/python3.10/site-packages/pipeline/diff_edf/diffusion_edf/equiformer/expnorm_rbf.py to expnorm_rbf.cpython-310.pyc
byte-compiling /home/horowitzlab/ros2_ws/src/pipeline/install/pipeline/lib/python3.10/site-packages/pipeline/diff_edf/diffusion_edf/equiformer/layer_norm.py to layer_norm.cpython-310.pyc
byte-compiling /home/horowitzlab/ros2_ws/src/pipeline/install/pipeline/lib/python3.10/site-packages/pipeline/diff_edf/diffusion_edf/equiformer/bessel_rbf.py to bessel_rbf.cpython-310.pyc
byte-compiling /home/horowitzlab/ros2_ws/src/pipeline/install/pipeline/lib/python3.10/site-packages/pipeline/diff_edf/diffusion_edf/equiformer/graph_attention_transformer.py to graph_attention_transformer.cpython-310.pyc
byte-compiling /home/horowitzlab/ros2_ws/src/pipeline/install/pipeline/lib/python3.10/site-packages/pipeline/diff_edf/diffusion_edf/equiformer/registry.py to registry.cpython-310.pyc
byte-compiling /home/horowitzlab/ros2_ws/src/pipeline/install/pipeline/lib/python3.10/site-packages/pipeline/diff_edf/diffusion_edf/equiformer/__init__.py to __init__.cpython-310.pyc
byte-compiling /home/horowitzlab/ros2_ws/src/pipeline/install/pipeline/lib/python3.10/site-packages/pipeline/diff_edf/diffusion_edf/equiformer/drop.py to drop.cpython-310.pyc
byte-compiling /home/horowitzlab/ros2_ws/src/pipeline/install/pipeline/lib/python3.10/site-packages/pipeline/diff_edf/diffusion_edf/keypoint_extractor.py to keypoint_extractor.cpython-310.pyc
byte-compiling /home/horowitzlab/ros2_ws/src/pipeline/install/pipeline/lib/python3.10/site-packages/pipeline/diff_edf/diffusion_edf/multiscale_score_model.py to multiscale_score_model.cpython-310.pyc
byte-compiling /home/horowitzlab/ros2_ws/src/pipeline/install/pipeline/lib/python3.10/site-packages/pipeline/diff_edf/diffusion_edf/radial_func.py to radial_func.cpython-310.pyc
byte-compiling /home/horowitzlab/ros2_ws/src/pipeline/install/pipeline/lib/python3.10/site-packages/pipeline/diff_edf/diffusion_edf/unet_feature_extractor.py to unet_feature_extractor.cpython-310.pyc
byte-compiling /home/horowitzlab/ros2_ws/src/pipeline/install/pipeline/lib/python3.10/site-packages/pipeline/diff_edf/diffusion_edf/graph_attention.py to graph_attention.cpython-310.pyc
byte-compiling /home/horowitzlab/ros2_ws/src/pipeline/install/pipeline/lib/python3.10/site-packages/pipeline/diff_edf/diffusion_edf/train.py to train.cpython-310.pyc
byte-compiling /home/horowitzlab/ros2_ws/src/pipeline/install/pipeline/lib/python3.10/site-packages/pipeline/diff_edf/diffusion_edf/dist.py to dist.cpython-310.pyc
byte-compiling /home/horowitzlab/ros2_ws/src/pipeline/install/pipeline/lib/python3.10/site-packages/pipeline/diff_edf/diffusion_edf/graph_parser.py to graph_parser.cpython-310.pyc
byte-compiling /home/horowitzlab/ros2_ws/src/pipeline/install/pipeline/lib/python3.10/site-packages/pipeline/diff_edf/diffusion_edf/agent_server.py to agent_server.cpython-310.pyc
byte-compiling /home/horowitzlab/ros2_ws/src/pipeline/install/pipeline/lib/python3.10/site-packages/pipeline/diff_edf/diffusion_edf/block.py to block.cpython-310.pyc
byte-compiling /home/horowitzlab/ros2_ws/src/pipeline/install/pipeline/lib/python3.10/site-packages/pipeline/diff_edf/diffusion_edf/connectivity.py to connectivity.cpython-310.pyc
byte-compiling /home/horowitzlab/ros2_ws/src/pipeline/install/pipeline/lib/python3.10/site-packages/pipeline/diff_edf/diffusion_edf/point_attentive_score_model.py to point_attentive_score_model.cpython-310.pyc
byte-compiling /home/horowitzlab/ros2_ws/src/pipeline/install/pipeline/lib/python3.10/site-packages/pipeline/diff_edf/diffusion_edf/unet.py to unet.cpython-310.pyc
byte-compiling /home/horowitzlab/ros2_ws/src/pipeline/install/pipeline/lib/python3.10/site-packages/pipeline/diff_edf/diffusion_edf/forward_only_feature_extractor.py to forward_only_feature_extractor.cpython-310.pyc
byte-compiling /home/horowitzlab/ros2_ws/src/pipeline/install/pipeline/lib/python3.10/site-packages/pipeline/diff_edf/diffusion_edf/wigner.py to wigner.cpython-310.pyc
byte-compiling /home/horowitzlab/ros2_ws/src/pipeline/install/pipeline/lib/python3.10/site-packages/pipeline/diff_edf/diffusion_edf/score_head_ebm.py to score_head_ebm.cpython-310.pyc
byte-compiling /home/horowitzlab/ros2_ws/src/pipeline/install/pipeline/lib/python3.10/site-packages/pipeline/diff_edf/diffusion_edf/score_model_base.py to score_model_base.cpython-310.pyc
byte-compiling /home/horowitzlab/ros2_ws/src/pipeline/install/pipeline/lib/python3.10/site-packages/pipeline/diff_edf/diffusion_edf/irreps_utils.py to irreps_utils.cpython-310.pyc
byte-compiling /home/horowitzlab/ros2_ws/src/pipeline/install/pipeline/lib/python3.10/site-packages/pipeline/diff_edf/diffusion_edf/gnn_data.py to gnn_data.cpython-310.pyc
byte-compiling /home/horowitzlab/ros2_ws/src/pipeline/install/pipeline/lib/python3.10/site-packages/pipeline/diff_edf/diffusion_edf/multiscale_tensor_field.py to multiscale_tensor_field.cpython-310.pyc
byte-compiling /home/horowitzlab/ros2_ws/src/pipeline/install/pipeline/lib/python3.10/site-packages/pipeline/diff_edf/diffusion_edf/utils.py to utils.cpython-310.pyc
byte-compiling /home/horowitzlab/ros2_ws/src/pipeline/install/pipeline/lib/python3.10/site-packages/pipeline/diff_edf/diffusion_edf/__init__.py to __init__.cpython-310.pyc
byte-compiling /home/horowitzlab/ros2_ws/src/pipeline/install/pipeline/lib/python3.10/site-packages/pipeline/diff_edf/diffusion_edf/trainer.py to trainer.cpython-310.pyc
byte-compiling /home/horowitzlab/ros2_ws/src/pipeline/install/pipeline/lib/python3.10/site-packages/pipeline/diff_edf/diffusion_edf/visualize.py to visualize.cpython-310.pyc
byte-compiling /home/horowitzlab/ros2_ws/src/pipeline/install/pipeline/lib/python3.10/site-packages/pipeline/diff_edf/diffusion_edf/agent.py to agent.cpython-310.pyc
byte-compiling /home/horowitzlab/ros2_ws/src/pipeline/install/pipeline/lib/python3.10/site-packages/pipeline/diff_edf/diffusion_edf/loss.py to loss.cpython-310.pyc
byte-compiling /home/horowitzlab/ros2_ws/src/pipeline/install/pipeline/lib/python3.10/site-packages/pipeline/diff_edf/diffusion_edf/transforms.py to transforms.cpython-310.pyc
byte-compiling /home/horowitzlab/ros2_ws/src/pipeline/install/pipeline/lib/python3.10/site-packages/pipeline/__init__.py to __init__.cpython-310.pyc
byte-compiling /home/horowitzlab/ros2_ws/src/pipeline/install/pipeline/lib/python3.10/site-packages/pipeline/diffusion_edf/diff_edf_service.py to diff_edf_service.cpython-310.pyc
byte-compiling /home/horowitzlab/ros2_ws/src/pipeline/install/pipeline/lib/python3.10/site-packages/pipeline/diffusion_edf/setup.py to setup.cpython-310.pyc
byte-compiling /home/horowitzlab/ros2_ws/src/pipeline/install/pipeline/lib/python3.10/site-packages/pipeline/diffusion_edf/__init__.py to __init__.cpython-310.pyc
byte-compiling /home/horowitzlab/ros2_ws/src/pipeline/install/pipeline/lib/python3.10/site-packages/pipeline/diffusion_edf/diffusion_edf/w3j.py to w3j.cpython-310.pyc
byte-compiling /home/horowitzlab/ros2_ws/src/pipeline/install/pipeline/lib/python3.10/site-packages/pipeline/diffusion_edf/diffusion_edf/train_utils.py to train_utils.cpython-310.pyc
byte-compiling /home/horowitzlab/ros2_ws/src/pipeline/install/pipeline/lib/python3.10/site-packages/pipeline/diffusion_edf/diffusion_edf/embedding.py to embedding.cpython-310.pyc
byte-compiling /home/horowitzlab/ros2_ws/src/pipeline/install/pipeline/lib/python3.10/site-packages/pipeline/diffusion_edf/diffusion_edf/gnn_block.py to gnn_block.cpython-310.pyc
byte-compiling /home/horowitzlab/ros2_ws/src/pipeline/install/pipeline/lib/python3.10/site-packages/pipeline/diffusion_edf/diffusion_edf/skip.py to skip.cpython-310.pyc
byte-compiling /home/horowitzlab/ros2_ws/src/pipeline/install/pipeline/lib/python3.10/site-packages/pipeline/diffusion_edf/diffusion_edf/score_head.py to score_head.cpython-310.pyc
byte-compiling /home/horowitzlab/ros2_ws/src/pipeline/install/pipeline/lib/python3.10/site-packages/pipeline/diffusion_edf/diffusion_edf/equiformer/instance_norm.py to instance_norm.cpython-310.pyc
byte-compiling /home/horowitzlab/ros2_ws/src/pipeline/install/pipeline/lib/python3.10/site-packages/pipeline/diffusion_edf/diffusion_edf/equiformer/fast_layer_norm.py to fast_layer_norm.cpython-310.pyc
byte-compiling /home/horowitzlab/ros2_ws/src/pipeline/install/pipeline/lib/python3.10/site-packages/pipeline/diffusion_edf/diffusion_edf/equiformer/radial_func.py to radial_func.cpython-310.pyc
byte-compiling /home/horowitzlab/ros2_ws/src/pipeline/install/pipeline/lib/python3.10/site-packages/pipeline/diffusion_edf/diffusion_edf/equiformer/dp_attention_transformer.py to dp_attention_transformer.cpython-310.pyc
byte-compiling /home/horowitzlab/ros2_ws/src/pipeline/install/pipeline/lib/python3.10/site-packages/pipeline/diffusion_edf/diffusion_edf/equiformer/fast_activation.py to fast_activation.cpython-310.pyc
byte-compiling /home/horowitzlab/ros2_ws/src/pipeline/install/pipeline/lib/python3.10/site-packages/pipeline/diffusion_edf/diffusion_edf/equiformer/graph_norm.py to graph_norm.cpython-310.pyc
byte-compiling /home/horowitzlab/ros2_ws/src/pipeline/install/pipeline/lib/python3.10/site-packages/pipeline/diffusion_edf/diffusion_edf/equiformer/tensor_product_rescale.py to tensor_product_rescale.cpython-310.pyc
byte-compiling /home/horowitzlab/ros2_ws/src/pipeline/install/pipeline/lib/python3.10/site-packages/pipeline/diffusion_edf/diffusion_edf/equiformer/expnorm_rbf.py to expnorm_rbf.cpython-310.pyc
byte-compiling /home/horowitzlab/ros2_ws/src/pipeline/install/pipeline/lib/python3.10/site-packages/pipeline/diffusion_edf/diffusion_edf/equiformer/layer_norm.py to layer_norm.cpython-310.pyc
byte-compiling /home/horowitzlab/ros2_ws/src/pipeline/install/pipeline/lib/python3.10/site-packages/pipeline/diffusion_edf/diffusion_edf/equiformer/bessel_rbf.py to bessel_rbf.cpython-310.pyc
byte-compiling /home/horowitzlab/ros2_ws/src/pipeline/install/pipeline/lib/python3.10/site-packages/pipeline/diffusion_edf/diffusion_edf/equiformer/graph_attention_transformer.py to graph_attention_transformer.cpython-310.pyc
byte-compiling /home/horowitzlab/ros2_ws/src/pipeline/install/pipeline/lib/python3.10/site-packages/pipeline/diffusion_edf/diffusion_edf/equiformer/registry.py to registry.cpython-310.pyc
byte-compiling /home/horowitzlab/ros2_ws/src/pipeline/install/pipeline/lib/python3.10/site-packages/pipeline/diffusion_edf/diffusion_edf/equiformer/__init__.py to __init__.cpython-310.pyc
byte-compiling /home/horowitzlab/ros2_ws/src/pipeline/install/pipeline/lib/python3.10/site-packages/pipeline/diffusion_edf/diffusion_edf/equiformer/drop.py to drop.cpython-310.pyc
byte-compiling /home/horowitzlab/ros2_ws/src/pipeline/install/pipeline/lib/python3.10/site-packages/pipeline/diffusion_edf/diffusion_edf/keypoint_extractor.py to keypoint_extractor.cpython-310.pyc
byte-compiling /home/horowitzlab/ros2_ws/src/pipeline/install/pipeline/lib/python3.10/site-packages/pipeline/diffusion_edf/diffusion_edf/multiscale_score_model.py to multiscale_score_model.cpython-310.pyc
byte-compiling /home/horowitzlab/ros2_ws/src/pipeline/install/pipeline/lib/python3.10/site-packages/pipeline/diffusion_edf/diffusion_edf/radial_func.py to radial_func.cpython-310.pyc
byte-compiling /home/horowitzlab/ros2_ws/src/pipeline/install/pipeline/lib/python3.10/site-packages/pipeline/diffusion_edf/diffusion_edf/unet_feature_extractor.py to unet_feature_extractor.cpython-310.pyc
byte-compiling /home/horowitzlab/ros2_ws/src/pipeline/install/pipeline/lib/python3.10/site-packages/pipeline/diffusion_edf/diffusion_edf/graph_attention.py to graph_attention.cpython-310.pyc
byte-compiling /home/horowitzlab/ros2_ws/src/pipeline/install/pipeline/lib/python3.10/site-packages/pipeline/diffusion_edf/diffusion_edf/train.py to train.cpython-310.pyc
byte-compiling /home/horowitzlab/ros2_ws/src/pipeline/install/pipeline/lib/python3.10/site-packages/pipeline/diffusion_edf/diffusion_edf/dist.py to dist.cpython-310.pyc
byte-compiling /home/horowitzlab/ros2_ws/src/pipeline/install/pipeline/lib/python3.10/site-packages/pipeline/diffusion_edf/diffusion_edf/graph_parser.py to graph_parser.cpython-310.pyc
byte-compiling /home/horowitzlab/ros2_ws/src/pipeline/install/pipeline/lib/python3.10/site-packages/pipeline/diffusion_edf/diffusion_edf/agent_server.py to agent_server.cpython-310.pyc
byte-compiling /home/horowitzlab/ros2_ws/src/pipeline/install/pipeline/lib/python3.10/site-packages/pipeline/diffusion_edf/diffusion_edf/block.py to block.cpython-310.pyc
byte-compiling /home/horowitzlab/ros2_ws/src/pipeline/install/pipeline/lib/python3.10/site-packages/pipeline/diffusion_edf/diffusion_edf/connectivity.py to connectivity.cpython-310.pyc
byte-compiling /home/horowitzlab/ros2_ws/src/pipeline/install/pipeline/lib/python3.10/site-packages/pipeline/diffusion_edf/diffusion_edf/point_attentive_score_model.py to point_attentive_score_model.cpython-310.pyc
byte-compiling /home/horowitzlab/ros2_ws/src/pipeline/install/pipeline/lib/python3.10/site-packages/pipeline/diffusion_edf/diffusion_edf/unet.py to unet.cpython-310.pyc
byte-compiling /home/horowitzlab/ros2_ws/src/pipeline/install/pipeline/lib/python3.10/site-packages/pipeline/diffusion_edf/diffusion_edf/forward_only_feature_extractor.py to forward_only_feature_extractor.cpython-310.pyc
byte-compiling /home/horowitzlab/ros2_ws/src/pipeline/install/pipeline/lib/python3.10/site-packages/pipeline/diffusion_edf/diffusion_edf/wigner.py to wigner.cpython-310.pyc
byte-compiling /home/horowitzlab/ros2_ws/src/pipeline/install/pipeline/lib/python3.10/site-packages/pipeline/diffusion_edf/diffusion_edf/score_head_ebm.py to score_head_ebm.cpython-310.pyc
byte-compiling /home/horowitzlab/ros2_ws/src/pipeline/install/pipeline/lib/python3.10/site-packages/pipeline/diffusion_edf/diffusion_edf/score_model_base.py to score_model_base.cpython-310.pyc
byte-compiling /home/horowitzlab/ros2_ws/src/pipeline/install/pipeline/lib/python3.10/site-packages/pipeline/diffusion_edf/diffusion_edf/irreps_utils.py to irreps_utils.cpython-310.pyc
byte-compiling /home/horowitzlab/ros2_ws/src/pipeline/install/pipeline/lib/python3.10/site-packages/pipeline/diffusion_edf/diffusion_edf/gnn_data.py to gnn_data.cpython-310.pyc
byte-compiling /home/horowitzlab/ros2_ws/src/pipeline/install/pipeline/lib/python3.10/site-packages/pipeline/diffusion_edf/diffusion_edf/multiscale_tensor_field.py to multiscale_tensor_field.cpython-310.pyc
byte-compiling /home/horowitzlab/ros2_ws/src/pipeline/install/pipeline/lib/python3.10/site-packages/pipeline/diffusion_edf/diffusion_edf/utils.py to utils.cpython-310.pyc
byte-compiling /home/horowitzlab/ros2_ws/src/pipeline/install/pipeline/lib/python3.10/site-packages/pipeline/diffusion_edf/diffusion_edf/__init__.py to __init__.cpython-310.pyc
byte-compiling /home/horowitzlab/ros2_ws/src/pipeline/install/pipeline/lib/python3.10/site-packages/pipeline/diffusion_edf/diffusion_edf/trainer.py to trainer.cpython-310.pyc
byte-compiling /home/horowitzlab/ros2_ws/src/pipeline/install/pipeline/lib/python3.10/site-packages/pipeline/diffusion_edf/diffusion_edf/visualize.py to visualize.cpython-310.pyc
byte-compiling /home/horowitzlab/ros2_ws/src/pipeline/install/pipeline/lib/python3.10/site-packages/pipeline/diffusion_edf/diffusion_edf/agent.py to agent.cpython-310.pyc
byte-compiling /home/horowitzlab/ros2_ws/src/pipeline/install/pipeline/lib/python3.10/site-packages/pipeline/diffusion_edf/diffusion_edf/loss.py to loss.cpython-310.pyc
byte-compiling /home/horowitzlab/ros2_ws/src/pipeline/install/pipeline/lib/python3.10/site-packages/pipeline/diffusion_edf/diffusion_edf/transforms.py to transforms.cpython-310.pyc
running install_data
creating /home/horowitzlab/ros2_ws/src/pipeline/install/pipeline/share/ament_index
creating /home/horowitzlab/ros2_ws/src/pipeline/install/pipeline/share/ament_index/resource_index
creating /home/horowitzlab/ros2_ws/src/pipeline/install/pipeline/share/ament_index/resource_index/packages
copying resource/pipeline -> /home/horowitzlab/ros2_ws/src/pipeline/install/pipeline/share/ament_index/resource_index/packages
copying package.xml -> /home/horowitzlab/ros2_ws/src/pipeline/install/pipeline/share/pipeline
running install_egg_info
Copying build/pipeline/pipeline.egg-info to /home/horowitzlab/ros2_ws/src/pipeline/install/pipeline/lib/python3.10/site-packages/pipeline-0.0.0-py3.10.egg-info
running install_scripts
Installing DiffEDFService script to /home/horowitzlab/ros2_ws/src/pipeline/install/pipeline/lib/pipeline
writing list of installed files to '/home/horowitzlab/ros2_ws/src/pipeline/build/pipeline/install.log'
