/home/horowitzlab/ros2_ws/src/pipeline/install/pipeline/lib/python3.10/site-packages/pipeline/__init__.py
/home/horowitzlab/ros2_ws/src/pipeline/install/pipeline/lib/python3.10/site-packages/pipeline/diff_edf/diff_edf_service.py
/home/horowitzlab/ros2_ws/src/pipeline/install/pipeline/lib/python3.10/site-packages/pipeline/diff_edf/__init__.py
/home/horowitzlab/ros2_ws/src/pipeline/install/pipeline/lib/python3.10/site-packages/pipeline/diffusion_edf/diff_edf_service.py
/home/horowitzlab/ros2_ws/src/pipeline/install/pipeline/lib/python3.10/site-packages/pipeline/diffusion_edf/setup.py
/home/horowitzlab/ros2_ws/src/pipeline/install/pipeline/lib/python3.10/site-packages/pipeline/diffusion_edf/__init__.py
/home/horowitzlab/ros2_ws/src/pipeline/install/pipeline/lib/python3.10/site-packages/pipeline/diff_edf/diffusion_edf/w3j.py
/home/horowitzlab/ros2_ws/src/pipeline/install/pipeline/lib/python3.10/site-packages/pipeline/diff_edf/diffusion_edf/train_utils.py
/home/horowitzlab/ros2_ws/src/pipeline/install/pipeline/lib/python3.10/site-packages/pipeline/diff_edf/diffusion_edf/embedding.py
/home/horowitzlab/ros2_ws/src/pipeline/install/pipeline/lib/python3.10/site-packages/pipeline/diff_edf/diffusion_edf/gnn_block.py
/home/horowitzlab/ros2_ws/src/pipeline/install/pipeline/lib/python3.10/site-packages/pipeline/diff_edf/diffusion_edf/skip.py
/home/horowitzlab/ros2_ws/src/pipeline/install/pipeline/lib/python3.10/site-packages/pipeline/diff_edf/diffusion_edf/score_head.py
/home/horowitzlab/ros2_ws/src/pipeline/install/pipeline/lib/python3.10/site-packages/pipeline/diff_edf/diffusion_edf/keypoint_extractor.py
/home/horowitzlab/ros2_ws/src/pipeline/install/pipeline/lib/python3.10/site-packages/pipeline/diff_edf/diffusion_edf/multiscale_score_model.py
/home/horowitzlab/ros2_ws/src/pipeline/install/pipeline/lib/python3.10/site-packages/pipeline/diff_edf/diffusion_edf/radial_func.py
/home/horowitzlab/ros2_ws/src/pipeline/install/pipeline/lib/python3.10/site-packages/pipeline/diff_edf/diffusion_edf/unet_feature_extractor.py
/home/horowitzlab/ros2_ws/src/pipeline/install/pipeline/lib/python3.10/site-packages/pipeline/diff_edf/diffusion_edf/graph_attention.py
/home/horowitzlab/ros2_ws/src/pipeline/install/pipeline/lib/python3.10/site-packages/pipeline/diff_edf/diffusion_edf/train.py
/home/horowitzlab/ros2_ws/src/pipeline/install/pipeline/lib/python3.10/site-packages/pipeline/diff_edf/diffusion_edf/dist.py
/home/horowitzlab/ros2_ws/src/pipeline/install/pipeline/lib/python3.10/site-packages/pipeline/diff_edf/diffusion_edf/graph_parser.py
/home/horowitzlab/ros2_ws/src/pipeline/install/pipeline/lib/python3.10/site-packages/pipeline/diff_edf/diffusion_edf/agent_server.py
/home/horowitzlab/ros2_ws/src/pipeline/install/pipeline/lib/python3.10/site-packages/pipeline/diff_edf/diffusion_edf/block.py
/home/horowitzlab/ros2_ws/src/pipeline/install/pipeline/lib/python3.10/site-packages/pipeline/diff_edf/diffusion_edf/connectivity.py
/home/horowitzlab/ros2_ws/src/pipeline/install/pipeline/lib/python3.10/site-packages/pipeline/diff_edf/diffusion_edf/point_attentive_score_model.py
/home/horowitzlab/ros2_ws/src/pipeline/install/pipeline/lib/python3.10/site-packages/pipeline/diff_edf/diffusion_edf/unet.py
/home/horowitzlab/ros2_ws/src/pipeline/install/pipeline/lib/python3.10/site-packages/pipeline/diff_edf/diffusion_edf/forward_only_feature_extractor.py
/home/horowitzlab/ros2_ws/src/pipeline/install/pipeline/lib/python3.10/site-packages/pipeline/diff_edf/diffusion_edf/wigner.py
/home/horowitzlab/ros2_ws/src/pipeline/install/pipeline/lib/python3.10/site-packages/pipeline/diff_edf/diffusion_edf/score_head_ebm.py
/home/horowitzlab/ros2_ws/src/pipeline/install/pipeline/lib/python3.10/site-packages/pipeline/diff_edf/diffusion_edf/score_model_base.py
/home/horowitzlab/ros2_ws/src/pipeline/install/pipeline/lib/python3.10/site-packages/pipeline/diff_edf/diffusion_edf/irreps_utils.py
/home/horowitzlab/ros2_ws/src/pipeline/install/pipeline/lib/python3.10/site-packages/pipeline/diff_edf/diffusion_edf/gnn_data.py
/home/horowitzlab/ros2_ws/src/pipeline/install/pipeline/lib/python3.10/site-packages/pipeline/diff_edf/diffusion_edf/multiscale_tensor_field.py
/home/horowitzlab/ros2_ws/src/pipeline/install/pipeline/lib/python3.10/site-packages/pipeline/diff_edf/diffusion_edf/utils.py
/home/horowitzlab/ros2_ws/src/pipeline/install/pipeline/lib/python3.10/site-packages/pipeline/diff_edf/diffusion_edf/__init__.py
/home/horowitzlab/ros2_ws/src/pipeline/install/pipeline/lib/python3.10/site-packages/pipeline/diff_edf/diffusion_edf/trainer.py
/home/horowitzlab/ros2_ws/src/pipeline/install/pipeline/lib/python3.10/site-packages/pipeline/diff_edf/diffusion_edf/visualize.py
/home/horowitzlab/ros2_ws/src/pipeline/install/pipeline/lib/python3.10/site-packages/pipeline/diff_edf/diffusion_edf/agent.py
/home/horowitzlab/ros2_ws/src/pipeline/install/pipeline/lib/python3.10/site-packages/pipeline/diff_edf/diffusion_edf/loss.py
/home/horowitzlab/ros2_ws/src/pipeline/install/pipeline/lib/python3.10/site-packages/pipeline/diff_edf/diffusion_edf/transforms.py
/home/horowitzlab/ros2_ws/src/pipeline/install/pipeline/lib/python3.10/site-packages/pipeline/diff_edf/diffusion_edf/equiformer/instance_norm.py
/home/horowitzlab/ros2_ws/src/pipeline/install/pipeline/lib/python3.10/site-packages/pipeline/diff_edf/diffusion_edf/equiformer/fast_layer_norm.py
/home/horowitzlab/ros2_ws/src/pipeline/install/pipeline/lib/python3.10/site-packages/pipeline/diff_edf/diffusion_edf/equiformer/radial_func.py
/home/horowitzlab/ros2_ws/src/pipeline/install/pipeline/lib/python3.10/site-packages/pipeline/diff_edf/diffusion_edf/equiformer/dp_attention_transformer.py
/home/horowitzlab/ros2_ws/src/pipeline/install/pipeline/lib/python3.10/site-packages/pipeline/diff_edf/diffusion_edf/equiformer/fast_activation.py
/home/horowitzlab/ros2_ws/src/pipeline/install/pipeline/lib/python3.10/site-packages/pipeline/diff_edf/diffusion_edf/equiformer/graph_norm.py
/home/horowitzlab/ros2_ws/src/pipeline/install/pipeline/lib/python3.10/site-packages/pipeline/diff_edf/diffusion_edf/equiformer/tensor_product_rescale.py
/home/horowitzlab/ros2_ws/src/pipeline/install/pipeline/lib/python3.10/site-packages/pipeline/diff_edf/diffusion_edf/equiformer/expnorm_rbf.py
/home/horowitzlab/ros2_ws/src/pipeline/install/pipeline/lib/python3.10/site-packages/pipeline/diff_edf/diffusion_edf/equiformer/layer_norm.py
/home/horowitzlab/ros2_ws/src/pipeline/install/pipeline/lib/python3.10/site-packages/pipeline/diff_edf/diffusion_edf/equiformer/bessel_rbf.py
/home/horowitzlab/ros2_ws/src/pipeline/install/pipeline/lib/python3.10/site-packages/pipeline/diff_edf/diffusion_edf/equiformer/graph_attention_transformer.py
/home/horowitzlab/ros2_ws/src/pipeline/install/pipeline/lib/python3.10/site-packages/pipeline/diff_edf/diffusion_edf/equiformer/registry.py
/home/horowitzlab/ros2_ws/src/pipeline/install/pipeline/lib/python3.10/site-packages/pipeline/diff_edf/diffusion_edf/equiformer/__init__.py
/home/horowitzlab/ros2_ws/src/pipeline/install/pipeline/lib/python3.10/site-packages/pipeline/diff_edf/diffusion_edf/equiformer/drop.py
/home/horowitzlab/ros2_ws/src/pipeline/install/pipeline/lib/python3.10/site-packages/pipeline/diffusion_edf/diffusion_edf/w3j.py
/home/horowitzlab/ros2_ws/src/pipeline/install/pipeline/lib/python3.10/site-packages/pipeline/diffusion_edf/diffusion_edf/train_utils.py
/home/horowitzlab/ros2_ws/src/pipeline/install/pipeline/lib/python3.10/site-packages/pipeline/diffusion_edf/diffusion_edf/embedding.py
/home/horowitzlab/ros2_ws/src/pipeline/install/pipeline/lib/python3.10/site-packages/pipeline/diffusion_edf/diffusion_edf/gnn_block.py
/home/horowitzlab/ros2_ws/src/pipeline/install/pipeline/lib/python3.10/site-packages/pipeline/diffusion_edf/diffusion_edf/skip.py
/home/horowitzlab/ros2_ws/src/pipeline/install/pipeline/lib/python3.10/site-packages/pipeline/diffusion_edf/diffusion_edf/score_head.py
/home/horowitzlab/ros2_ws/src/pipeline/install/pipeline/lib/python3.10/site-packages/pipeline/diffusion_edf/diffusion_edf/keypoint_extractor.py
/home/horowitzlab/ros2_ws/src/pipeline/install/pipeline/lib/python3.10/site-packages/pipeline/diffusion_edf/diffusion_edf/multiscale_score_model.py
/home/horowitzlab/ros2_ws/src/pipeline/install/pipeline/lib/python3.10/site-packages/pipeline/diffusion_edf/diffusion_edf/radial_func.py
/home/horowitzlab/ros2_ws/src/pipeline/install/pipeline/lib/python3.10/site-packages/pipeline/diffusion_edf/diffusion_edf/unet_feature_extractor.py
/home/horowitzlab/ros2_ws/src/pipeline/install/pipeline/lib/python3.10/site-packages/pipeline/diffusion_edf/diffusion_edf/graph_attention.py
/home/horowitzlab/ros2_ws/src/pipeline/install/pipeline/lib/python3.10/site-packages/pipeline/diffusion_edf/diffusion_edf/train.py
/home/horowitzlab/ros2_ws/src/pipeline/install/pipeline/lib/python3.10/site-packages/pipeline/diffusion_edf/diffusion_edf/dist.py
/home/horowitzlab/ros2_ws/src/pipeline/install/pipeline/lib/python3.10/site-packages/pipeline/diffusion_edf/diffusion_edf/graph_parser.py
/home/horowitzlab/ros2_ws/src/pipeline/install/pipeline/lib/python3.10/site-packages/pipeline/diffusion_edf/diffusion_edf/agent_server.py
/home/horowitzlab/ros2_ws/src/pipeline/install/pipeline/lib/python3.10/site-packages/pipeline/diffusion_edf/diffusion_edf/block.py
/home/horowitzlab/ros2_ws/src/pipeline/install/pipeline/lib/python3.10/site-packages/pipeline/diffusion_edf/diffusion_edf/connectivity.py
/home/horowitzlab/ros2_ws/src/pipeline/install/pipeline/lib/python3.10/site-packages/pipeline/diffusion_edf/diffusion_edf/point_attentive_score_model.py
/home/horowitzlab/ros2_ws/src/pipeline/install/pipeline/lib/python3.10/site-packages/pipeline/diffusion_edf/diffusion_edf/unet.py
/home/horowitzlab/ros2_ws/src/pipeline/install/pipeline/lib/python3.10/site-packages/pipeline/diffusion_edf/diffusion_edf/forward_only_feature_extractor.py
/home/horowitzlab/ros2_ws/src/pipeline/install/pipeline/lib/python3.10/site-packages/pipeline/diffusion_edf/diffusion_edf/wigner.py
/home/horowitzlab/ros2_ws/src/pipeline/install/pipeline/lib/python3.10/site-packages/pipeline/diffusion_edf/diffusion_edf/score_head_ebm.py
/home/horowitzlab/ros2_ws/src/pipeline/install/pipeline/lib/python3.10/site-packages/pipeline/diffusion_edf/diffusion_edf/score_model_base.py
/home/horowitzlab/ros2_ws/src/pipeline/install/pipeline/lib/python3.10/site-packages/pipeline/diffusion_edf/diffusion_edf/irreps_utils.py
/home/horowitzlab/ros2_ws/src/pipeline/install/pipeline/lib/python3.10/site-packages/pipeline/diffusion_edf/diffusion_edf/gnn_data.py
/home/horowitzlab/ros2_ws/src/pipeline/install/pipeline/lib/python3.10/site-packages/pipeline/diffusion_edf/diffusion_edf/multiscale_tensor_field.py
/home/horowitzlab/ros2_ws/src/pipeline/install/pipeline/lib/python3.10/site-packages/pipeline/diffusion_edf/diffusion_edf/utils.py
/home/horowitzlab/ros2_ws/src/pipeline/install/pipeline/lib/python3.10/site-packages/pipeline/diffusion_edf/diffusion_edf/__init__.py
/home/horowitzlab/ros2_ws/src/pipeline/install/pipeline/lib/python3.10/site-packages/pipeline/diffusion_edf/diffusion_edf/trainer.py
/home/horowitzlab/ros2_ws/src/pipeline/install/pipeline/lib/python3.10/site-packages/pipeline/diffusion_edf/diffusion_edf/visualize.py
/home/horowitzlab/ros2_ws/src/pipeline/install/pipeline/lib/python3.10/site-packages/pipeline/diffusion_edf/diffusion_edf/agent.py
/home/horowitzlab/ros2_ws/src/pipeline/install/pipeline/lib/python3.10/site-packages/pipeline/diffusion_edf/diffusion_edf/loss.py
/home/horowitzlab/ros2_ws/src/pipeline/install/pipeline/lib/python3.10/site-packages/pipeline/diffusion_edf/diffusion_edf/transforms.py
/home/horowitzlab/ros2_ws/src/pipeline/install/pipeline/lib/python3.10/site-packages/pipeline/diffusion_edf/diffusion_edf/equiformer/instance_norm.py
/home/horowitzlab/ros2_ws/src/pipeline/install/pipeline/lib/python3.10/site-packages/pipeline/diffusion_edf/diffusion_edf/equiformer/fast_layer_norm.py
/home/horowitzlab/ros2_ws/src/pipeline/install/pipeline/lib/python3.10/site-packages/pipeline/diffusion_edf/diffusion_edf/equiformer/radial_func.py
/home/horowitzlab/ros2_ws/src/pipeline/install/pipeline/lib/python3.10/site-packages/pipeline/diffusion_edf/diffusion_edf/equiformer/dp_attention_transformer.py
/home/horowitzlab/ros2_ws/src/pipeline/install/pipeline/lib/python3.10/site-packages/pipeline/diffusion_edf/diffusion_edf/equiformer/fast_activation.py
/home/horowitzlab/ros2_ws/src/pipeline/install/pipeline/lib/python3.10/site-packages/pipeline/diffusion_edf/diffusion_edf/equiformer/graph_norm.py
/home/horowitzlab/ros2_ws/src/pipeline/install/pipeline/lib/python3.10/site-packages/pipeline/diffusion_edf/diffusion_edf/equiformer/tensor_product_rescale.py
/home/horowitzlab/ros2_ws/src/pipeline/install/pipeline/lib/python3.10/site-packages/pipeline/diffusion_edf/diffusion_edf/equiformer/expnorm_rbf.py
/home/horowitzlab/ros2_ws/src/pipeline/install/pipeline/lib/python3.10/site-packages/pipeline/diffusion_edf/diffusion_edf/equiformer/layer_norm.py
/home/horowitzlab/ros2_ws/src/pipeline/install/pipeline/lib/python3.10/site-packages/pipeline/diffusion_edf/diffusion_edf/equiformer/bessel_rbf.py
/home/horowitzlab/ros2_ws/src/pipeline/install/pipeline/lib/python3.10/site-packages/pipeline/diffusion_edf/diffusion_edf/equiformer/graph_attention_transformer.py
/home/horowitzlab/ros2_ws/src/pipeline/install/pipeline/lib/python3.10/site-packages/pipeline/diffusion_edf/diffusion_edf/equiformer/registry.py
/home/horowitzlab/ros2_ws/src/pipeline/install/pipeline/lib/python3.10/site-packages/pipeline/diffusion_edf/diffusion_edf/equiformer/__init__.py
/home/horowitzlab/ros2_ws/src/pipeline/install/pipeline/lib/python3.10/site-packages/pipeline/diffusion_edf/diffusion_edf/equiformer/drop.py
/home/horowitzlab/ros2_ws/src/pipeline/install/pipeline/lib/python3.10/site-packages/pipeline/__pycache__/__init__.cpython-310.pyc
/home/horowitzlab/ros2_ws/src/pipeline/install/pipeline/lib/python3.10/site-packages/pipeline/diff_edf/__pycache__/diff_edf_service.cpython-310.pyc
/home/horowitzlab/ros2_ws/src/pipeline/install/pipeline/lib/python3.10/site-packages/pipeline/diff_edf/__pycache__/__init__.cpython-310.pyc
/home/horowitzlab/ros2_ws/src/pipeline/install/pipeline/lib/python3.10/site-packages/pipeline/diffusion_edf/__pycache__/diff_edf_service.cpython-310.pyc
/home/horowitzlab/ros2_ws/src/pipeline/install/pipeline/lib/python3.10/site-packages/pipeline/diffusion_edf/__pycache__/setup.cpython-310.pyc
/home/horowitzlab/ros2_ws/src/pipeline/install/pipeline/lib/python3.10/site-packages/pipeline/diffusion_edf/__pycache__/__init__.cpython-310.pyc
/home/horowitzlab/ros2_ws/src/pipeline/install/pipeline/lib/python3.10/site-packages/pipeline/diff_edf/diffusion_edf/__pycache__/w3j.cpython-310.pyc
/home/horowitzlab/ros2_ws/src/pipeline/install/pipeline/lib/python3.10/site-packages/pipeline/diff_edf/diffusion_edf/__pycache__/train_utils.cpython-310.pyc
/home/horowitzlab/ros2_ws/src/pipeline/install/pipeline/lib/python3.10/site-packages/pipeline/diff_edf/diffusion_edf/__pycache__/embedding.cpython-310.pyc
/home/horowitzlab/ros2_ws/src/pipeline/install/pipeline/lib/python3.10/site-packages/pipeline/diff_edf/diffusion_edf/__pycache__/gnn_block.cpython-310.pyc
/home/horowitzlab/ros2_ws/src/pipeline/install/pipeline/lib/python3.10/site-packages/pipeline/diff_edf/diffusion_edf/__pycache__/skip.cpython-310.pyc
/home/horowitzlab/ros2_ws/src/pipeline/install/pipeline/lib/python3.10/site-packages/pipeline/diff_edf/diffusion_edf/__pycache__/score_head.cpython-310.pyc
/home/horowitzlab/ros2_ws/src/pipeline/install/pipeline/lib/python3.10/site-packages/pipeline/diff_edf/diffusion_edf/__pycache__/keypoint_extractor.cpython-310.pyc
/home/horowitzlab/ros2_ws/src/pipeline/install/pipeline/lib/python3.10/site-packages/pipeline/diff_edf/diffusion_edf/__pycache__/multiscale_score_model.cpython-310.pyc
/home/horowitzlab/ros2_ws/src/pipeline/install/pipeline/lib/python3.10/site-packages/pipeline/diff_edf/diffusion_edf/__pycache__/radial_func.cpython-310.pyc
/home/horowitzlab/ros2_ws/src/pipeline/install/pipeline/lib/python3.10/site-packages/pipeline/diff_edf/diffusion_edf/__pycache__/unet_feature_extractor.cpython-310.pyc
/home/horowitzlab/ros2_ws/src/pipeline/install/pipeline/lib/python3.10/site-packages/pipeline/diff_edf/diffusion_edf/__pycache__/graph_attention.cpython-310.pyc
/home/horowitzlab/ros2_ws/src/pipeline/install/pipeline/lib/python3.10/site-packages/pipeline/diff_edf/diffusion_edf/__pycache__/train.cpython-310.pyc
/home/horowitzlab/ros2_ws/src/pipeline/install/pipeline/lib/python3.10/site-packages/pipeline/diff_edf/diffusion_edf/__pycache__/dist.cpython-310.pyc
/home/horowitzlab/ros2_ws/src/pipeline/install/pipeline/lib/python3.10/site-packages/pipeline/diff_edf/diffusion_edf/__pycache__/graph_parser.cpython-310.pyc
/home/horowitzlab/ros2_ws/src/pipeline/install/pipeline/lib/python3.10/site-packages/pipeline/diff_edf/diffusion_edf/__pycache__/agent_server.cpython-310.pyc
/home/horowitzlab/ros2_ws/src/pipeline/install/pipeline/lib/python3.10/site-packages/pipeline/diff_edf/diffusion_edf/__pycache__/block.cpython-310.pyc
/home/horowitzlab/ros2_ws/src/pipeline/install/pipeline/lib/python3.10/site-packages/pipeline/diff_edf/diffusion_edf/__pycache__/connectivity.cpython-310.pyc
/home/horowitzlab/ros2_ws/src/pipeline/install/pipeline/lib/python3.10/site-packages/pipeline/diff_edf/diffusion_edf/__pycache__/point_attentive_score_model.cpython-310.pyc
/home/horowitzlab/ros2_ws/src/pipeline/install/pipeline/lib/python3.10/site-packages/pipeline/diff_edf/diffusion_edf/__pycache__/unet.cpython-310.pyc
/home/horowitzlab/ros2_ws/src/pipeline/install/pipeline/lib/python3.10/site-packages/pipeline/diff_edf/diffusion_edf/__pycache__/forward_only_feature_extractor.cpython-310.pyc
/home/horowitzlab/ros2_ws/src/pipeline/install/pipeline/lib/python3.10/site-packages/pipeline/diff_edf/diffusion_edf/__pycache__/wigner.cpython-310.pyc
/home/horowitzlab/ros2_ws/src/pipeline/install/pipeline/lib/python3.10/site-packages/pipeline/diff_edf/diffusion_edf/__pycache__/score_head_ebm.cpython-310.pyc
/home/horowitzlab/ros2_ws/src/pipeline/install/pipeline/lib/python3.10/site-packages/pipeline/diff_edf/diffusion_edf/__pycache__/score_model_base.cpython-310.pyc
/home/horowitzlab/ros2_ws/src/pipeline/install/pipeline/lib/python3.10/site-packages/pipeline/diff_edf/diffusion_edf/__pycache__/irreps_utils.cpython-310.pyc
/home/horowitzlab/ros2_ws/src/pipeline/install/pipeline/lib/python3.10/site-packages/pipeline/diff_edf/diffusion_edf/__pycache__/gnn_data.cpython-310.pyc
/home/horowitzlab/ros2_ws/src/pipeline/install/pipeline/lib/python3.10/site-packages/pipeline/diff_edf/diffusion_edf/__pycache__/multiscale_tensor_field.cpython-310.pyc
/home/horowitzlab/ros2_ws/src/pipeline/install/pipeline/lib/python3.10/site-packages/pipeline/diff_edf/diffusion_edf/__pycache__/utils.cpython-310.pyc
/home/horowitzlab/ros2_ws/src/pipeline/install/pipeline/lib/python3.10/site-packages/pipeline/diff_edf/diffusion_edf/__pycache__/__init__.cpython-310.pyc
/home/horowitzlab/ros2_ws/src/pipeline/install/pipeline/lib/python3.10/site-packages/pipeline/diff_edf/diffusion_edf/__pycache__/trainer.cpython-310.pyc
/home/horowitzlab/ros2_ws/src/pipeline/install/pipeline/lib/python3.10/site-packages/pipeline/diff_edf/diffusion_edf/__pycache__/visualize.cpython-310.pyc
/home/horowitzlab/ros2_ws/src/pipeline/install/pipeline/lib/python3.10/site-packages/pipeline/diff_edf/diffusion_edf/__pycache__/agent.cpython-310.pyc
/home/horowitzlab/ros2_ws/src/pipeline/install/pipeline/lib/python3.10/site-packages/pipeline/diff_edf/diffusion_edf/__pycache__/loss.cpython-310.pyc
/home/horowitzlab/ros2_ws/src/pipeline/install/pipeline/lib/python3.10/site-packages/pipeline/diff_edf/diffusion_edf/__pycache__/transforms.cpython-310.pyc
/home/horowitzlab/ros2_ws/src/pipeline/install/pipeline/lib/python3.10/site-packages/pipeline/diff_edf/diffusion_edf/equiformer/__pycache__/instance_norm.cpython-310.pyc
/home/horowitzlab/ros2_ws/src/pipeline/install/pipeline/lib/python3.10/site-packages/pipeline/diff_edf/diffusion_edf/equiformer/__pycache__/fast_layer_norm.cpython-310.pyc
/home/horowitzlab/ros2_ws/src/pipeline/install/pipeline/lib/python3.10/site-packages/pipeline/diff_edf/diffusion_edf/equiformer/__pycache__/radial_func.cpython-310.pyc
/home/horowitzlab/ros2_ws/src/pipeline/install/pipeline/lib/python3.10/site-packages/pipeline/diff_edf/diffusion_edf/equiformer/__pycache__/dp_attention_transformer.cpython-310.pyc
/home/horowitzlab/ros2_ws/src/pipeline/install/pipeline/lib/python3.10/site-packages/pipeline/diff_edf/diffusion_edf/equiformer/__pycache__/fast_activation.cpython-310.pyc
/home/horowitzlab/ros2_ws/src/pipeline/install/pipeline/lib/python3.10/site-packages/pipeline/diff_edf/diffusion_edf/equiformer/__pycache__/graph_norm.cpython-310.pyc
/home/horowitzlab/ros2_ws/src/pipeline/install/pipeline/lib/python3.10/site-packages/pipeline/diff_edf/diffusion_edf/equiformer/__pycache__/tensor_product_rescale.cpython-310.pyc
/home/horowitzlab/ros2_ws/src/pipeline/install/pipeline/lib/python3.10/site-packages/pipeline/diff_edf/diffusion_edf/equiformer/__pycache__/expnorm_rbf.cpython-310.pyc
/home/horowitzlab/ros2_ws/src/pipeline/install/pipeline/lib/python3.10/site-packages/pipeline/diff_edf/diffusion_edf/equiformer/__pycache__/layer_norm.cpython-310.pyc
/home/horowitzlab/ros2_ws/src/pipeline/install/pipeline/lib/python3.10/site-packages/pipeline/diff_edf/diffusion_edf/equiformer/__pycache__/bessel_rbf.cpython-310.pyc
/home/horowitzlab/ros2_ws/src/pipeline/install/pipeline/lib/python3.10/site-packages/pipeline/diff_edf/diffusion_edf/equiformer/__pycache__/graph_attention_transformer.cpython-310.pyc
/home/horowitzlab/ros2_ws/src/pipeline/install/pipeline/lib/python3.10/site-packages/pipeline/diff_edf/diffusion_edf/equiformer/__pycache__/registry.cpython-310.pyc
/home/horowitzlab/ros2_ws/src/pipeline/install/pipeline/lib/python3.10/site-packages/pipeline/diff_edf/diffusion_edf/equiformer/__pycache__/__init__.cpython-310.pyc
/home/horowitzlab/ros2_ws/src/pipeline/install/pipeline/lib/python3.10/site-packages/pipeline/diff_edf/diffusion_edf/equiformer/__pycache__/drop.cpython-310.pyc
/home/horowitzlab/ros2_ws/src/pipeline/install/pipeline/lib/python3.10/site-packages/pipeline/diffusion_edf/diffusion_edf/__pycache__/w3j.cpython-310.pyc
/home/horowitzlab/ros2_ws/src/pipeline/install/pipeline/lib/python3.10/site-packages/pipeline/diffusion_edf/diffusion_edf/__pycache__/train_utils.cpython-310.pyc
/home/horowitzlab/ros2_ws/src/pipeline/install/pipeline/lib/python3.10/site-packages/pipeline/diffusion_edf/diffusion_edf/__pycache__/embedding.cpython-310.pyc
/home/horowitzlab/ros2_ws/src/pipeline/install/pipeline/lib/python3.10/site-packages/pipeline/diffusion_edf/diffusion_edf/__pycache__/gnn_block.cpython-310.pyc
/home/horowitzlab/ros2_ws/src/pipeline/install/pipeline/lib/python3.10/site-packages/pipeline/diffusion_edf/diffusion_edf/__pycache__/skip.cpython-310.pyc
/home/horowitzlab/ros2_ws/src/pipeline/install/pipeline/lib/python3.10/site-packages/pipeline/diffusion_edf/diffusion_edf/__pycache__/score_head.cpython-310.pyc
/home/horowitzlab/ros2_ws/src/pipeline/install/pipeline/lib/python3.10/site-packages/pipeline/diffusion_edf/diffusion_edf/__pycache__/keypoint_extractor.cpython-310.pyc
/home/horowitzlab/ros2_ws/src/pipeline/install/pipeline/lib/python3.10/site-packages/pipeline/diffusion_edf/diffusion_edf/__pycache__/multiscale_score_model.cpython-310.pyc
/home/horowitzlab/ros2_ws/src/pipeline/install/pipeline/lib/python3.10/site-packages/pipeline/diffusion_edf/diffusion_edf/__pycache__/radial_func.cpython-310.pyc
/home/horowitzlab/ros2_ws/src/pipeline/install/pipeline/lib/python3.10/site-packages/pipeline/diffusion_edf/diffusion_edf/__pycache__/unet_feature_extractor.cpython-310.pyc
/home/horowitzlab/ros2_ws/src/pipeline/install/pipeline/lib/python3.10/site-packages/pipeline/diffusion_edf/diffusion_edf/__pycache__/graph_attention.cpython-310.pyc
/home/horowitzlab/ros2_ws/src/pipeline/install/pipeline/lib/python3.10/site-packages/pipeline/diffusion_edf/diffusion_edf/__pycache__/train.cpython-310.pyc
/home/horowitzlab/ros2_ws/src/pipeline/install/pipeline/lib/python3.10/site-packages/pipeline/diffusion_edf/diffusion_edf/__pycache__/dist.cpython-310.pyc
/home/horowitzlab/ros2_ws/src/pipeline/install/pipeline/lib/python3.10/site-packages/pipeline/diffusion_edf/diffusion_edf/__pycache__/graph_parser.cpython-310.pyc
/home/horowitzlab/ros2_ws/src/pipeline/install/pipeline/lib/python3.10/site-packages/pipeline/diffusion_edf/diffusion_edf/__pycache__/agent_server.cpython-310.pyc
/home/horowitzlab/ros2_ws/src/pipeline/install/pipeline/lib/python3.10/site-packages/pipeline/diffusion_edf/diffusion_edf/__pycache__/block.cpython-310.pyc
/home/horowitzlab/ros2_ws/src/pipeline/install/pipeline/lib/python3.10/site-packages/pipeline/diffusion_edf/diffusion_edf/__pycache__/connectivity.cpython-310.pyc
/home/horowitzlab/ros2_ws/src/pipeline/install/pipeline/lib/python3.10/site-packages/pipeline/diffusion_edf/diffusion_edf/__pycache__/point_attentive_score_model.cpython-310.pyc
/home/horowitzlab/ros2_ws/src/pipeline/install/pipeline/lib/python3.10/site-packages/pipeline/diffusion_edf/diffusion_edf/__pycache__/unet.cpython-310.pyc
/home/horowitzlab/ros2_ws/src/pipeline/install/pipeline/lib/python3.10/site-packages/pipeline/diffusion_edf/diffusion_edf/__pycache__/forward_only_feature_extractor.cpython-310.pyc
/home/horowitzlab/ros2_ws/src/pipeline/install/pipeline/lib/python3.10/site-packages/pipeline/diffusion_edf/diffusion_edf/__pycache__/wigner.cpython-310.pyc
/home/horowitzlab/ros2_ws/src/pipeline/install/pipeline/lib/python3.10/site-packages/pipeline/diffusion_edf/diffusion_edf/__pycache__/score_head_ebm.cpython-310.pyc
/home/horowitzlab/ros2_ws/src/pipeline/install/pipeline/lib/python3.10/site-packages/pipeline/diffusion_edf/diffusion_edf/__pycache__/score_model_base.cpython-310.pyc
/home/horowitzlab/ros2_ws/src/pipeline/install/pipeline/lib/python3.10/site-packages/pipeline/diffusion_edf/diffusion_edf/__pycache__/irreps_utils.cpython-310.pyc
/home/horowitzlab/ros2_ws/src/pipeline/install/pipeline/lib/python3.10/site-packages/pipeline/diffusion_edf/diffusion_edf/__pycache__/gnn_data.cpython-310.pyc
/home/horowitzlab/ros2_ws/src/pipeline/install/pipeline/lib/python3.10/site-packages/pipeline/diffusion_edf/diffusion_edf/__pycache__/multiscale_tensor_field.cpython-310.pyc
/home/horowitzlab/ros2_ws/src/pipeline/install/pipeline/lib/python3.10/site-packages/pipeline/diffusion_edf/diffusion_edf/__pycache__/utils.cpython-310.pyc
/home/horowitzlab/ros2_ws/src/pipeline/install/pipeline/lib/python3.10/site-packages/pipeline/diffusion_edf/diffusion_edf/__pycache__/__init__.cpython-310.pyc
/home/horowitzlab/ros2_ws/src/pipeline/install/pipeline/lib/python3.10/site-packages/pipeline/diffusion_edf/diffusion_edf/__pycache__/trainer.cpython-310.pyc
/home/horowitzlab/ros2_ws/src/pipeline/install/pipeline/lib/python3.10/site-packages/pipeline/diffusion_edf/diffusion_edf/__pycache__/visualize.cpython-310.pyc
/home/horowitzlab/ros2_ws/src/pipeline/install/pipeline/lib/python3.10/site-packages/pipeline/diffusion_edf/diffusion_edf/__pycache__/agent.cpython-310.pyc
/home/horowitzlab/ros2_ws/src/pipeline/install/pipeline/lib/python3.10/site-packages/pipeline/diffusion_edf/diffusion_edf/__pycache__/loss.cpython-310.pyc
/home/horowitzlab/ros2_ws/src/pipeline/install/pipeline/lib/python3.10/site-packages/pipeline/diffusion_edf/diffusion_edf/__pycache__/transforms.cpython-310.pyc
/home/horowitzlab/ros2_ws/src/pipeline/install/pipeline/lib/python3.10/site-packages/pipeline/diffusion_edf/diffusion_edf/equiformer/__pycache__/instance_norm.cpython-310.pyc
/home/horowitzlab/ros2_ws/src/pipeline/install/pipeline/lib/python3.10/site-packages/pipeline/diffusion_edf/diffusion_edf/equiformer/__pycache__/fast_layer_norm.cpython-310.pyc
/home/horowitzlab/ros2_ws/src/pipeline/install/pipeline/lib/python3.10/site-packages/pipeline/diffusion_edf/diffusion_edf/equiformer/__pycache__/radial_func.cpython-310.pyc
/home/horowitzlab/ros2_ws/src/pipeline/install/pipeline/lib/python3.10/site-packages/pipeline/diffusion_edf/diffusion_edf/equiformer/__pycache__/dp_attention_transformer.cpython-310.pyc
/home/horowitzlab/ros2_ws/src/pipeline/install/pipeline/lib/python3.10/site-packages/pipeline/diffusion_edf/diffusion_edf/equiformer/__pycache__/fast_activation.cpython-310.pyc
/home/horowitzlab/ros2_ws/src/pipeline/install/pipeline/lib/python3.10/site-packages/pipeline/diffusion_edf/diffusion_edf/equiformer/__pycache__/graph_norm.cpython-310.pyc
/home/horowitzlab/ros2_ws/src/pipeline/install/pipeline/lib/python3.10/site-packages/pipeline/diffusion_edf/diffusion_edf/equiformer/__pycache__/tensor_product_rescale.cpython-310.pyc
/home/horowitzlab/ros2_ws/src/pipeline/install/pipeline/lib/python3.10/site-packages/pipeline/diffusion_edf/diffusion_edf/equiformer/__pycache__/expnorm_rbf.cpython-310.pyc
/home/horowitzlab/ros2_ws/src/pipeline/install/pipeline/lib/python3.10/site-packages/pipeline/diffusion_edf/diffusion_edf/equiformer/__pycache__/layer_norm.cpython-310.pyc
/home/horowitzlab/ros2_ws/src/pipeline/install/pipeline/lib/python3.10/site-packages/pipeline/diffusion_edf/diffusion_edf/equiformer/__pycache__/bessel_rbf.cpython-310.pyc
/home/horowitzlab/ros2_ws/src/pipeline/install/pipeline/lib/python3.10/site-packages/pipeline/diffusion_edf/diffusion_edf/equiformer/__pycache__/graph_attention_transformer.cpython-310.pyc
/home/horowitzlab/ros2_ws/src/pipeline/install/pipeline/lib/python3.10/site-packages/pipeline/diffusion_edf/diffusion_edf/equiformer/__pycache__/registry.cpython-310.pyc
/home/horowitzlab/ros2_ws/src/pipeline/install/pipeline/lib/python3.10/site-packages/pipeline/diffusion_edf/diffusion_edf/equiformer/__pycache__/__init__.cpython-310.pyc
/home/horowitzlab/ros2_ws/src/pipeline/install/pipeline/lib/python3.10/site-packages/pipeline/diffusion_edf/diffusion_edf/equiformer/__pycache__/drop.cpython-310.pyc
/home/horowitzlab/ros2_ws/src/pipeline/install/pipeline/share/ament_index/resource_index/packages/pipeline
/home/horowitzlab/ros2_ws/src/pipeline/install/pipeline/share/pipeline/package.xml
/home/horowitzlab/ros2_ws/src/pipeline/install/pipeline/lib/python3.10/site-packages/pipeline-0.0.0-py3.10.egg-info/requires.txt
/home/horowitzlab/ros2_ws/src/pipeline/install/pipeline/lib/python3.10/site-packages/pipeline-0.0.0-py3.10.egg-info/PKG-INFO
/home/horowitzlab/ros2_ws/src/pipeline/install/pipeline/lib/python3.10/site-packages/pipeline-0.0.0-py3.10.egg-info/entry_points.txt
/home/horowitzlab/ros2_ws/src/pipeline/install/pipeline/lib/python3.10/site-packages/pipeline-0.0.0-py3.10.egg-info/top_level.txt
/home/horowitzlab/ros2_ws/src/pipeline/install/pipeline/lib/python3.10/site-packages/pipeline-0.0.0-py3.10.egg-info/SOURCES.txt
/home/horowitzlab/ros2_ws/src/pipeline/install/pipeline/lib/python3.10/site-packages/pipeline-0.0.0-py3.10.egg-info/zip-safe
/home/horowitzlab/ros2_ws/src/pipeline/install/pipeline/lib/python3.10/site-packages/pipeline-0.0.0-py3.10.egg-info/dependency_links.txt
/home/horowitzlab/ros2_ws/src/pipeline/install/pipeline/lib/pipeline/DiffEDFService
