/home/horowitzlab/ros2_ws_clean/src/pipeline/pipeline/diffusion_edf/install/diffusion_edf/lib/python3.10/site-packages/diffusion_edf/w3j.py
/home/horowitzlab/ros2_ws_clean/src/pipeline/pipeline/diffusion_edf/install/diffusion_edf/lib/python3.10/site-packages/diffusion_edf/train_utils.py
/home/horowitzlab/ros2_ws_clean/src/pipeline/pipeline/diffusion_edf/install/diffusion_edf/lib/python3.10/site-packages/diffusion_edf/embedding.py
/home/horowitzlab/ros2_ws_clean/src/pipeline/pipeline/diffusion_edf/install/diffusion_edf/lib/python3.10/site-packages/diffusion_edf/gnn_block.py
/home/horowitzlab/ros2_ws_clean/src/pipeline/pipeline/diffusion_edf/install/diffusion_edf/lib/python3.10/site-packages/diffusion_edf/skip.py
/home/horowitzlab/ros2_ws_clean/src/pipeline/pipeline/diffusion_edf/install/diffusion_edf/lib/python3.10/site-packages/diffusion_edf/score_head.py
/home/horowitzlab/ros2_ws_clean/src/pipeline/pipeline/diffusion_edf/install/diffusion_edf/lib/python3.10/site-packages/diffusion_edf/keypoint_extractor.py
/home/horowitzlab/ros2_ws_clean/src/pipeline/pipeline/diffusion_edf/install/diffusion_edf/lib/python3.10/site-packages/diffusion_edf/multiscale_score_model.py
/home/horowitzlab/ros2_ws_clean/src/pipeline/pipeline/diffusion_edf/install/diffusion_edf/lib/python3.10/site-packages/diffusion_edf/radial_func.py
/home/horowitzlab/ros2_ws_clean/src/pipeline/pipeline/diffusion_edf/install/diffusion_edf/lib/python3.10/site-packages/diffusion_edf/unet_feature_extractor.py
/home/horowitzlab/ros2_ws_clean/src/pipeline/pipeline/diffusion_edf/install/diffusion_edf/lib/python3.10/site-packages/diffusion_edf/graph_attention.py
/home/horowitzlab/ros2_ws_clean/src/pipeline/pipeline/diffusion_edf/install/diffusion_edf/lib/python3.10/site-packages/diffusion_edf/train.py
/home/horowitzlab/ros2_ws_clean/src/pipeline/pipeline/diffusion_edf/install/diffusion_edf/lib/python3.10/site-packages/diffusion_edf/dist.py
/home/horowitzlab/ros2_ws_clean/src/pipeline/pipeline/diffusion_edf/install/diffusion_edf/lib/python3.10/site-packages/diffusion_edf/graph_parser.py
/home/horowitzlab/ros2_ws_clean/src/pipeline/pipeline/diffusion_edf/install/diffusion_edf/lib/python3.10/site-packages/diffusion_edf/agent_server.py
/home/horowitzlab/ros2_ws_clean/src/pipeline/pipeline/diffusion_edf/install/diffusion_edf/lib/python3.10/site-packages/diffusion_edf/block.py
/home/horowitzlab/ros2_ws_clean/src/pipeline/pipeline/diffusion_edf/install/diffusion_edf/lib/python3.10/site-packages/diffusion_edf/connectivity.py
/home/horowitzlab/ros2_ws_clean/src/pipeline/pipeline/diffusion_edf/install/diffusion_edf/lib/python3.10/site-packages/diffusion_edf/point_attentive_score_model.py
/home/horowitzlab/ros2_ws_clean/src/pipeline/pipeline/diffusion_edf/install/diffusion_edf/lib/python3.10/site-packages/diffusion_edf/unet.py
/home/horowitzlab/ros2_ws_clean/src/pipeline/pipeline/diffusion_edf/install/diffusion_edf/lib/python3.10/site-packages/diffusion_edf/forward_only_feature_extractor.py
/home/horowitzlab/ros2_ws_clean/src/pipeline/pipeline/diffusion_edf/install/diffusion_edf/lib/python3.10/site-packages/diffusion_edf/wigner.py
/home/horowitzlab/ros2_ws_clean/src/pipeline/pipeline/diffusion_edf/install/diffusion_edf/lib/python3.10/site-packages/diffusion_edf/score_head_ebm.py
/home/horowitzlab/ros2_ws_clean/src/pipeline/pipeline/diffusion_edf/install/diffusion_edf/lib/python3.10/site-packages/diffusion_edf/score_model_base.py
/home/horowitzlab/ros2_ws_clean/src/pipeline/pipeline/diffusion_edf/install/diffusion_edf/lib/python3.10/site-packages/diffusion_edf/irreps_utils.py
/home/horowitzlab/ros2_ws_clean/src/pipeline/pipeline/diffusion_edf/install/diffusion_edf/lib/python3.10/site-packages/diffusion_edf/gnn_data.py
/home/horowitzlab/ros2_ws_clean/src/pipeline/pipeline/diffusion_edf/install/diffusion_edf/lib/python3.10/site-packages/diffusion_edf/multiscale_tensor_field.py
/home/horowitzlab/ros2_ws_clean/src/pipeline/pipeline/diffusion_edf/install/diffusion_edf/lib/python3.10/site-packages/diffusion_edf/utils.py
/home/horowitzlab/ros2_ws_clean/src/pipeline/pipeline/diffusion_edf/install/diffusion_edf/lib/python3.10/site-packages/diffusion_edf/__init__.py
/home/horowitzlab/ros2_ws_clean/src/pipeline/pipeline/diffusion_edf/install/diffusion_edf/lib/python3.10/site-packages/diffusion_edf/trainer.py
/home/horowitzlab/ros2_ws_clean/src/pipeline/pipeline/diffusion_edf/install/diffusion_edf/lib/python3.10/site-packages/diffusion_edf/visualize.py
/home/horowitzlab/ros2_ws_clean/src/pipeline/pipeline/diffusion_edf/install/diffusion_edf/lib/python3.10/site-packages/diffusion_edf/agent.py
/home/horowitzlab/ros2_ws_clean/src/pipeline/pipeline/diffusion_edf/install/diffusion_edf/lib/python3.10/site-packages/diffusion_edf/loss.py
/home/horowitzlab/ros2_ws_clean/src/pipeline/pipeline/diffusion_edf/install/diffusion_edf/lib/python3.10/site-packages/diffusion_edf/transforms.py
/home/horowitzlab/ros2_ws_clean/src/pipeline/pipeline/diffusion_edf/install/diffusion_edf/lib/python3.10/site-packages/diffusion_edf/__pycache__/w3j.cpython-310.pyc
/home/horowitzlab/ros2_ws_clean/src/pipeline/pipeline/diffusion_edf/install/diffusion_edf/lib/python3.10/site-packages/diffusion_edf/__pycache__/train_utils.cpython-310.pyc
/home/horowitzlab/ros2_ws_clean/src/pipeline/pipeline/diffusion_edf/install/diffusion_edf/lib/python3.10/site-packages/diffusion_edf/__pycache__/embedding.cpython-310.pyc
/home/horowitzlab/ros2_ws_clean/src/pipeline/pipeline/diffusion_edf/install/diffusion_edf/lib/python3.10/site-packages/diffusion_edf/__pycache__/gnn_block.cpython-310.pyc
/home/horowitzlab/ros2_ws_clean/src/pipeline/pipeline/diffusion_edf/install/diffusion_edf/lib/python3.10/site-packages/diffusion_edf/__pycache__/skip.cpython-310.pyc
/home/horowitzlab/ros2_ws_clean/src/pipeline/pipeline/diffusion_edf/install/diffusion_edf/lib/python3.10/site-packages/diffusion_edf/__pycache__/score_head.cpython-310.pyc
/home/horowitzlab/ros2_ws_clean/src/pipeline/pipeline/diffusion_edf/install/diffusion_edf/lib/python3.10/site-packages/diffusion_edf/__pycache__/keypoint_extractor.cpython-310.pyc
/home/horowitzlab/ros2_ws_clean/src/pipeline/pipeline/diffusion_edf/install/diffusion_edf/lib/python3.10/site-packages/diffusion_edf/__pycache__/multiscale_score_model.cpython-310.pyc
/home/horowitzlab/ros2_ws_clean/src/pipeline/pipeline/diffusion_edf/install/diffusion_edf/lib/python3.10/site-packages/diffusion_edf/__pycache__/radial_func.cpython-310.pyc
/home/horowitzlab/ros2_ws_clean/src/pipeline/pipeline/diffusion_edf/install/diffusion_edf/lib/python3.10/site-packages/diffusion_edf/__pycache__/unet_feature_extractor.cpython-310.pyc
/home/horowitzlab/ros2_ws_clean/src/pipeline/pipeline/diffusion_edf/install/diffusion_edf/lib/python3.10/site-packages/diffusion_edf/__pycache__/graph_attention.cpython-310.pyc
/home/horowitzlab/ros2_ws_clean/src/pipeline/pipeline/diffusion_edf/install/diffusion_edf/lib/python3.10/site-packages/diffusion_edf/__pycache__/train.cpython-310.pyc
/home/horowitzlab/ros2_ws_clean/src/pipeline/pipeline/diffusion_edf/install/diffusion_edf/lib/python3.10/site-packages/diffusion_edf/__pycache__/dist.cpython-310.pyc
/home/horowitzlab/ros2_ws_clean/src/pipeline/pipeline/diffusion_edf/install/diffusion_edf/lib/python3.10/site-packages/diffusion_edf/__pycache__/graph_parser.cpython-310.pyc
/home/horowitzlab/ros2_ws_clean/src/pipeline/pipeline/diffusion_edf/install/diffusion_edf/lib/python3.10/site-packages/diffusion_edf/__pycache__/agent_server.cpython-310.pyc
/home/horowitzlab/ros2_ws_clean/src/pipeline/pipeline/diffusion_edf/install/diffusion_edf/lib/python3.10/site-packages/diffusion_edf/__pycache__/block.cpython-310.pyc
/home/horowitzlab/ros2_ws_clean/src/pipeline/pipeline/diffusion_edf/install/diffusion_edf/lib/python3.10/site-packages/diffusion_edf/__pycache__/connectivity.cpython-310.pyc
/home/horowitzlab/ros2_ws_clean/src/pipeline/pipeline/diffusion_edf/install/diffusion_edf/lib/python3.10/site-packages/diffusion_edf/__pycache__/point_attentive_score_model.cpython-310.pyc
/home/horowitzlab/ros2_ws_clean/src/pipeline/pipeline/diffusion_edf/install/diffusion_edf/lib/python3.10/site-packages/diffusion_edf/__pycache__/unet.cpython-310.pyc
/home/horowitzlab/ros2_ws_clean/src/pipeline/pipeline/diffusion_edf/install/diffusion_edf/lib/python3.10/site-packages/diffusion_edf/__pycache__/forward_only_feature_extractor.cpython-310.pyc
/home/horowitzlab/ros2_ws_clean/src/pipeline/pipeline/diffusion_edf/install/diffusion_edf/lib/python3.10/site-packages/diffusion_edf/__pycache__/wigner.cpython-310.pyc
/home/horowitzlab/ros2_ws_clean/src/pipeline/pipeline/diffusion_edf/install/diffusion_edf/lib/python3.10/site-packages/diffusion_edf/__pycache__/score_head_ebm.cpython-310.pyc
/home/horowitzlab/ros2_ws_clean/src/pipeline/pipeline/diffusion_edf/install/diffusion_edf/lib/python3.10/site-packages/diffusion_edf/__pycache__/score_model_base.cpython-310.pyc
/home/horowitzlab/ros2_ws_clean/src/pipeline/pipeline/diffusion_edf/install/diffusion_edf/lib/python3.10/site-packages/diffusion_edf/__pycache__/irreps_utils.cpython-310.pyc
/home/horowitzlab/ros2_ws_clean/src/pipeline/pipeline/diffusion_edf/install/diffusion_edf/lib/python3.10/site-packages/diffusion_edf/__pycache__/gnn_data.cpython-310.pyc
/home/horowitzlab/ros2_ws_clean/src/pipeline/pipeline/diffusion_edf/install/diffusion_edf/lib/python3.10/site-packages/diffusion_edf/__pycache__/multiscale_tensor_field.cpython-310.pyc
/home/horowitzlab/ros2_ws_clean/src/pipeline/pipeline/diffusion_edf/install/diffusion_edf/lib/python3.10/site-packages/diffusion_edf/__pycache__/utils.cpython-310.pyc
/home/horowitzlab/ros2_ws_clean/src/pipeline/pipeline/diffusion_edf/install/diffusion_edf/lib/python3.10/site-packages/diffusion_edf/__pycache__/__init__.cpython-310.pyc
/home/horowitzlab/ros2_ws_clean/src/pipeline/pipeline/diffusion_edf/install/diffusion_edf/lib/python3.10/site-packages/diffusion_edf/__pycache__/trainer.cpython-310.pyc
/home/horowitzlab/ros2_ws_clean/src/pipeline/pipeline/diffusion_edf/install/diffusion_edf/lib/python3.10/site-packages/diffusion_edf/__pycache__/visualize.cpython-310.pyc
/home/horowitzlab/ros2_ws_clean/src/pipeline/pipeline/diffusion_edf/install/diffusion_edf/lib/python3.10/site-packages/diffusion_edf/__pycache__/agent.cpython-310.pyc
/home/horowitzlab/ros2_ws_clean/src/pipeline/pipeline/diffusion_edf/install/diffusion_edf/lib/python3.10/site-packages/diffusion_edf/__pycache__/loss.cpython-310.pyc
/home/horowitzlab/ros2_ws_clean/src/pipeline/pipeline/diffusion_edf/install/diffusion_edf/lib/python3.10/site-packages/diffusion_edf/__pycache__/transforms.cpython-310.pyc
/home/horowitzlab/ros2_ws_clean/src/pipeline/pipeline/diffusion_edf/install/diffusion_edf/lib/python3.10/site-packages/diffusion_edf-0.0.1-py3.10.egg-info/requires.txt
/home/horowitzlab/ros2_ws_clean/src/pipeline/pipeline/diffusion_edf/install/diffusion_edf/lib/python3.10/site-packages/diffusion_edf-0.0.1-py3.10.egg-info/PKG-INFO
/home/horowitzlab/ros2_ws_clean/src/pipeline/pipeline/diffusion_edf/install/diffusion_edf/lib/python3.10/site-packages/diffusion_edf-0.0.1-py3.10.egg-info/top_level.txt
/home/horowitzlab/ros2_ws_clean/src/pipeline/pipeline/diffusion_edf/install/diffusion_edf/lib/python3.10/site-packages/diffusion_edf-0.0.1-py3.10.egg-info/SOURCES.txt
/home/horowitzlab/ros2_ws_clean/src/pipeline/pipeline/diffusion_edf/install/diffusion_edf/lib/python3.10/site-packages/diffusion_edf-0.0.1-py3.10.egg-info/dependency_links.txt
